1 - [2L52] ... 
2 - [2RSSE] ... 
3 - [3R5] ... 
4 - [4R79] ... 
5 - [6R55] ... 
6 - [AC3] ... 
7 - [AC7] ... 
8 - [AC8] ... 
9 - [AH6] ... 
10 - [AH9] ... 
11 - [AH10] ... 
12 - [B0001] ... 
13 - [B0019] ... 
14 - [B0024] ... 
15 - [B0025] ... 
16 - [B0034] ... 
17 - [B0035] ... 
18 - [B0041] ... 
19 - [B0047] ... 
20 - [B0198] ... 
21 - [B0205] ... 
22 - [B0207] ... 
23 - [B0212] ... 
24 - [B0213] ... 
25 - [B0218] ... 
26 - [B0222] ... 
27 - [B0228] ... 
28 - [B0238] ... 
29 - [B0240] ... 
30 - [B0244] ... 
31 - [B0250] ... 
32 - [B0252] ... 
33 - [B0261] ... 
34 - [B0272] ... 
35 - [B0273] ... 
36 - [B0280] ... 
37 - [B0281] ... 
38 - [B0284] ... 
39 - [B0285] ... 
40 - [B0286] ... 
41 - [B0294] ... 
42 - [B0302] ... 
43 - [B0303] ... 
44 - [B0304] ... 
45 - [B0310] ... 
46 - [B0331] ... 
47 - [B0334] ... 
48 - [B0336] ... 
49 - [B0344] ... 
50 - [B0348] ... 
51 - [B0350] ... 
52 - [B0353] ... 
53 - [B0361] ... 
54 - [B0365] ... 
55 - [B0379] ... 
56 - [B0391] ... 
57 - [B0393] ... 
58 - [B0395] ... 
59 - [B0399] ... 
60 - [B0403] ... 
61 - [B0410] ... 
62 - [B0412] ... 
63 - [B0414] ... 
64 - [B0416] ... 
65 - [B0432] ... 
66 - [B0454] ... 
67 - [B0457] ... 
68 - [B0462] ... 
69 - [B0464] ... 
70 - [B0478] ... 
71 - [B0491] ... 
72 - [B0495] ... 
73 - [B0496] ... 
74 - [B0507] ... 
75 - [B0511] ... 
76 - [B0513] ... 
77 - [B0523] ... 
78 - [B0524] ... 
79 - [B0545] ... 
80 - [B0546] ... 
81 - [B0547] ... 
82 - [B0554] ... 
83 - [B0563] ... 
84 - [B0564] ... 
85 - [BE0003N10] ... 
86 - [BE10] ... 
87 - [C01A2] ... 
88 - [C01B4] ... 
89 - [C01B7] ... 
90 - [C01B9] ... 
91 - [C01B10] ... 
92 - [C01B12] ... 
93 - [C01C4] ... 
94 - [C01C7] ... 
95 - [C01C10] ... 
96 - [C01F1] ... 
97 - [C01F4] ... 
98 - [C01F6] ... 
99 - [C01G5] ... 
100 - [C01G6] ... 
101 - [C01G8] ... 
102 - [C01G10] ... 
103 - [C01G12] ... 
104 - [C01H6] ... 
105 - [C02A12] ... 
106 - [C02B4] ... 
107 - [C02B8] ... 
108 - [C02B10] ... 
109 - [C02C2] ... 
110 - [C02C6] ... 
111 - [C02D4] ... 
112 - [C02D5] ... 
113 - [C02E7] ... 
114 - [C02E11] ... 
115 - [C02F4] ... 
116 - [C02F5] ... 
117 - [C02F12] ... 
118 - [C02G6] ... 
119 - [C02H6] ... 
120 - [C02H7] ... 
121 - [C03A3] ... 
122 - [C03A7] ... 
123 - [C03B1] ... 
124 - [C03B8] ... 
125 - [C03C10] ... 
126 - [C03C11] ... 
127 - [C03D6] ... 
128 - [C03E10] ... 
129 - [C03F11] ... 
130 - [C03G5] ... 
131 - [C03G6] ... 
132 - [C03H5] ... 
133 - [C03H12] ... 
134 - [C04A2] ... 
135 - [C04A11] ... 
136 - [C04B4] ... 
137 - [C04C3] ... 
138 - [C04C11] ... 
139 - [C04D1] ... 
140 - [C04D8] ... 
141 - [C04E6] ... 
142 - [C04E7] ... 
143 - [C04E12] ... 
144 - [C04F1] ... 
145 - [C04F2] ... 
146 - [C04F5] ... 
147 - [C04F6] ... 
148 - [C04F12] ... 
149 - [C04G2] ... 
150 - [C04G6] ... 
151 - [C04H4] ... 
152 - [C04H5] ... 
153 - [C05A2] ... 
154 - [C05A9] ... 
155 - [C05B5] ... 
156 - [C05B10] ... 
157 - [C05C8] ... 
158 - [C05C9] ... 
159 - [C05C10] ... 
160 - [C05C12] ... 
161 - [C05D2] ... 
162 - [C05D9] ... 
163 - [C05D10] ... 
164 - [C05D11] ... 
165 - [C05D12] ... 
166 - [C05E4] ... 
167 - [C05E7] ... 
168 - [C05E11] ... 
169 - [C05G5] ... 
170 - [C05G6] ... 
171 - [C05H8] ... 
172 - [C06A1] ... 
173 - [C06A5] ... 
174 - [C06A6] ... 
175 - [C06A8] ... 
176 - [C06A12] ... 
177 - [C06B3] ... 
178 - [C06B8] ... 
179 - [C06C3] ... 
180 - [C06C6] ... 
181 - [C06E1] ... 
182 - [C06E2] ... 
183 - [C06E4] ... 
184 - [C06E7] ... 
185 - [C06E8] ... 
186 - [C06G1] ... 
187 - [C06G3] ... 
188 - [C06G4] ... 
189 - [C06G8] ... 
190 - [C06G12] ... 
191 - [C06H2] ... 
192 - [C06H5] ... 
193 - [C07A4] ... 
194 - [C07A9] ... 
195 - [C07A12] ... 
196 - [C07B3] ... 
197 - [C07B5] ... 
198 - [C07C7] ... 
199 - [C07D2] ... 
200 - [C07D8] ... 
201 - [C07D10] ... 
202 - [C07E3] ... 
203 - [C07F11] ... 
204 - [C07G1] ... 
205 - [C07G2] ... 
206 - [C07G3] ... 
207 - [C07H4] ... 
208 - [C07H6] ... 
209 - [C08A9] ... 
210 - [C08B6] ... 
211 - [C08B11] ... 
212 - [C08C3] ... 
213 - [C08D8] ... 
214 - [C08E3] ... 
215 - [C08E8] ... 
216 - [C08F1] ... 
217 - [C08F8] ... 
218 - [C08F11] ... 
219 - [C08G5] ... 
220 - [C08G9] ... 
221 - [C08H9] ... 
222 - [C09B7] ... 
223 - [C09B8] ... 
224 - [C09B9] ... 
225 - [C09C7] ... 
226 - [C09D1] ... 
227 - [C09D4] ... 
228 - [C09D8] ... 
229 - [C09E7] ... 
230 - [C09E8] ... 
231 - [C09E9] ... 
232 - [C09E10] ... 
233 - [C09F5] ... 
234 - [C09F9] ... 
235 - [C09F12] ... 
236 - [C09G1] ... 
237 - [C09G4] ... 
238 - [C09G5] ... 
239 - [C09G9] ... 
240 - [C09G12] ... 
241 - [C09H5] ... 
242 - [C09H6] ... 
243 - [C09H10] ... 
244 - [C10A4] ... 
245 - [C10B5] ... 
246 - [C10C5] ... 
247 - [C10C6] ... 
248 - [C10E2] ... 
249 - [C10F3] ... 
250 - [C10G6] ... 
251 - [C10G8] ... 
252 - [C10G11] ... 
253 - [C10H11] ... 
254 - [C11D2] ... 
255 - [C11D9] ... 
256 - [C11E4] ... 
257 - [C11G6] ... 
258 - [C11G10] ... 
259 - [C11H1] ... 
260 - [C12C8] ... 
261 - [C12D5] ... 
262 - [C12D8] ... 
263 - [C12D12] ... 
264 - [C13A2] ... 
265 - [C13A10] ... 
266 - [C13B4] ... 
267 - [C13B7] ... 
268 - [C13B9] ... 
269 - [C13C4] ... 
270 - [C13C12] ... 
271 - [C13D9] ... 
272 - [C13E3] ... 
273 - [C13F10] ... 
274 - [C13G3] ... 
275 - [C13G5] ... 
276 - [C14A4] ... 
277 - [C14A6] ... 
278 - [C14A11] ... 
279 - [C14B1] ... 
280 - [C14B4] ... 
281 - [C14B9] ... 
282 - [C14C6] ... 
283 - [C14C10] ... 
284 - [C14C11] ... 
285 - [C14E2] ... 
286 - [C14F5] ... 
287 - [C14F11] ... 
288 - [C14H10] ... 
289 - [C15A7] ... 
290 - [C15A11] ... 
291 - [C15B12] ... 
292 - [C15C6] ... 
293 - [C15C7] ... 
294 - [C15C8] ... 
295 - [C15F1] ... 
296 - [C15H7] ... 
297 - [C15H9] ... 
298 - [C15H11] ... 
299 - [C16A3] ... 
300 - [C16A11] ... 
301 - [C16B8] ... 
302 - [C16C2] ... 
303 - [C16C4] ... 
304 - [C16C8] ... 
305 - [C16C10] ... 
306 - [C16D2] ... 
307 - [C16D6] ... 
308 - [C16D9] ... 
309 - [C16E9] ... 
310 - [C16H3] ... 
311 - [C17A2] ... 
312 - [C17B7] ... 
313 - [C17C3] ... 
314 - [C17D12] ... 
315 - [C17E4] ... 
316 - [C17E7] ... 
317 - [C17F3] ... 
318 - [C17F4] ... 
319 - [C17G1] ... 
320 - [C17G10] ... 
321 - [C17H1] ... 
322 - [C17H11] ... 
323 - [C17H12] ... 
324 - [C18A3] ... 
325 - [C18A11] ... 
326 - [C18B2] ... 
327 - [C18B10] ... 
328 - [C18B12] ... 
329 - [C18C4] ... 
330 - [C18D1] ... 
331 - [C18D4] ... 
332 - [C18D11] ... 
333 - [C18E3] ... 
334 - [C18E9] ... 
335 - [C18F3] ... 
336 - [C18F10] ... 
337 - [C18G1] ... 
338 - [C18H2] ... 
339 - [C18H7] ... 
340 - [C18H9] ... 
341 - [C23F12] ... 
342 - [C23G10] ... 
343 - [C23H3] ... 
344 - [C23H4] ... 
345 - [C23H5] ... 
346 - [C24A1] ... 
347 - [C24A3] ... 
348 - [C24A8] ... 
349 - [C24A11] ... 
350 - [C24B5] ... 
351 - [C24B9] ... 
352 - [C24D10] ... 
353 - [C24E9] ... 
354 - [C24F3] ... 
355 - [C24G6] ... 
356 - [C24G7] ... 
357 - [C24H10] ... 
358 - [C24H11] ... 
359 - [C24H12] ... 
360 - [C25A1] ... 
361 - [C25A6] ... 
362 - [C25A8] ... 
363 - [C25A11] ... 
364 - [C25B8] ... 
365 - [C25D7] ... 
366 - [C25E10] ... 
367 - [C25F6] ... 
368 - [C25F9] ... 
369 - [C25G4] ... 
370 - [C25G6] ... 
371 - [C25H3] ... 
372 - [C26B2] ... 
373 - [C26B9] ... 
374 - [C26C6] ... 
375 - [C26C9] ... 
376 - [C26D10] ... 
377 - [C26E1] ... 
378 - [C26E6] ... 
379 - [C26F1] ... 
380 - [C26G2] ... 
381 - [C26H9A] ... 
382 - [C26H9B] ... 
383 - [C27A2] ... 
384 - [C27A7] ... 
385 - [C27A12] ... 
386 - [C27B7] ... 
387 - [C27C7] ... 
388 - [C27C12] ... 
389 - [C27D6] ... 
390 - [C27D8] ... 
391 - [C27D9] ... 
392 - [C27D11] ... 
393 - [C27F2] ... 
394 - [C27H2] ... 
395 - [C27H5] ... 
396 - [C27H6] ... 
397 - [C28A5] ... 
398 - [C28C12] ... 
399 - [C28D4] ... 
400 - [C28F5] ... 
401 - [C28G1] ... 
402 - [C28H8] ... 
403 - [C29A12] ... 
404 - [C29E4] ... 
405 - [C29E6] ... 
406 - [C29F3] ... 
407 - [C29F4] ... 
408 - [C29F5] ... 
409 - [C29F7] ... 
410 - [C29F9] ... 
411 - [C29G2] ... 
412 - [C29H12] ... 
413 - [C30A5] ... 
414 - [C30B5] ... 
415 - [C30C11] ... 
416 - [C30D11] ... 
417 - [C30E1] ... 
418 - [C30F2] ... 
419 - [C30F8] ... 
420 - [C30F12] ... 
421 - [C30G4] ... 
422 - [C30G7] ... 
423 - [C30G12] ... 
424 - [C30H6] ... 
425 - [C30H7] ... 
426 - [C31A11] ... 
427 - [C31B8] ... 
428 - [C31C9] ... 
429 - [C31E10] ... 
430 - [C31G12] ... 
431 - [C31H1] ... 
432 - [C31H2] ... 
433 - [C31H5] ... 
434 - [C31H11] ... 
435 - [C32A3] ... 
436 - [C32A9] ... 
437 - [C32B5] ... 
438 - [C32C4] ... 
439 - [C32D5] ... 
440 - [C32E8] ... 
441 - [C32E12] ... 
442 - [C32F10] ... 
443 - [C32H11] ... 
444 - [C33A11] ... 
445 - [C33A12] ... 
446 - [C33B4] ... 
447 - [C33C12] ... 
448 - [C33D3] ... 
449 - [C33D8] ... 
450 - [C33D9] ... 
451 - [C33D12] ... 
452 - [C33E10] ... 
453 - [C33F10] ... 
454 - [C33G3] ... 
455 - [C33G8] ... 
456 - [C33H5] ... 
457 - [C34B2] ... 
458 - [C34B4] ... 
459 - [C34B7] ... 
460 - [C34C6] ... 
461 - [C34C12] ... 
462 - [C34D1] ... 
463 - [C34D4] ... 
464 - [C34D10] ... 
465 - [C34E7] ... 
466 - [C34E10] ... 
467 - [C34E11] ... 
468 - [C34F6] ... 
469 - [C34F11] ... 
470 - [C34G6] ... 
471 - [C34H3] ... 
472 - [C34H4] ... 
473 - [C35A5] ... 
474 - [C35A11] ... 
475 - [C35B1] ... 
476 - [C35B8] ... 
477 - [C35C5] ... 
478 - [C35D6] ... 
479 - [C35D10] ... 
480 - [C35E7] ... 
481 - [C36A4] ... 
482 - [C36B1] ... 
483 - [C36B7] ... 
484 - [C36C5] ... 
485 - [C36C9] ... 
486 - [C36E6] ... 
487 - [C36E8] ... 
488 - [C36F7] ... 
489 - [C36H8] ... 
490 - [C37A2] ... 
491 - [C37A5] ... 
492 - [C37C3] ... 
493 - [C37E2] ... 
494 - [C37F5] ... 
495 - [C37H5] ... 
496 - [C38C3] ... 
497 - [C38C5] ... 
498 - [C38C6] ... 
499 - [C38C10] ... 
500 - [C38D4] ... 
501 - [C38D9] ... 
502 - [C38H2] ... 
503 - [C39B5] ... 
504 - [C39B10] ... 
505 - [C39D10] ... 
506 - [C39E6] ... 
507 - [C39E9] ... 
508 - [C39F7] ... 
509 - [C39H7] ... 
510 - [C40A11] ... 
511 - [C40C9] ... 
512 - [C40D2] ... 
513 - [C40H1] ... 
514 - [C40H5] ... 
515 - [C41A3] ... 
516 - [C41C4] ... 
517 - [C41D7] ... 
518 - [C41D11] ... 
519 - [C41G6] ... 
520 - [C41G7] ... 
521 - [C41G11] ... 
522 - [C41H7] ... 
523 - [C42C1] ... 
524 - [C42D4] ... 
525 - [C42D8] ... 
526 - [C43C3] ... 
527 - [C43D7] ... 
528 - [C43E11] ... 
529 - [C43F9] ... 
530 - [C43G2] ... 
531 - [C43H6] ... 
532 - [C43H8] ... 
533 - [C44A5] ... 
534 - [C44B7] ... 
535 - [C44B9] ... 
536 - [C44B11] ... 
537 - [C44B12] ... 
538 - [C44C1] ... 
539 - [C44C3] ... 
540 - [C44C8] ... 
541 - [C44C10] ... 
542 - [C44C11] ... 
543 - [C44E1] ... 
544 - [C44E4] ... 
545 - [C44E12] ... 
546 - [C44F1] ... 
547 - [C44H4] ... 
548 - [C44H9] ... 
549 - [C45B2] ... 
550 - [C45B11] ... 
551 - [C45E1] ... 
552 - [C45E5] ... 
553 - [C45G3] ... 
554 - [C45G7] ... 
555 - [C45G9] ... 
556 - [C45H4] ... 
557 - [C46A5] ... 
558 - [C46B5] ... 
559 - [C46C2] ... 
560 - [C46C11] ... 
561 - [C46E1] ... 
562 - [C46E10] ... 
563 - [C46F2] ... 
564 - [C46F4] ... 
565 - [C46F9] ... 
566 - [C46F11] ... 
567 - [C46G7] ... 
568 - [C46H3] ... 
569 - [C46H11] ... 
570 - [C47A4] ... 
571 - [C47A10] ... 
572 - [C47B2] ... 
573 - [C47C12] ... 
574 - [C47D2] ... 
575 - [C47D12] ... 
576 - [C47E8] ... 
577 - [C47E12] ... 
578 - [C47F8] ... 
579 - [C47G2] ... 
580 - [C48A7] ... 
581 - [C48B4] ... 
582 - [C48B6] ... 
583 - [C48C5] ... 
584 - [C48D1] ... 
585 - [C48D5] ... 
586 - [C48E7] ... 
587 - [C48G7] ... 
588 - [C49A1] ... 
589 - [C49A9] ... 
590 - [C49C3] ... 
591 - [C49C8] ... 
592 - [C49D10] ... 
593 - [C49F5] ... 
594 - [C49F8] ... 
595 - [C49G7] ... 
596 - [C49G9] ... 
597 - [C49H3] ... 
598 - [C50A2] ... 
599 - [C50B6] ... 
600 - [C50B8] ... 
601 - [C50C3] ... 
602 - [C50C10] ... 
603 - [C50D2] ... 
604 - [C50E3] ... 
605 - [C50E10] ... 
606 - [C50F2] ... 
607 - [C50F4] ... 
608 - [C50F7] ... 
609 - [C50H2] ... 
610 - [C50H11] ... 
611 - [C51E3] ... 
612 - [C51F7] ... 
613 - [C52A10] ... 
614 - [C52A11] ... 
615 - [C52B5] ... 
616 - [C52B9] ... 
617 - [C52B11] ... 
618 - [C52D10] ... 
619 - [C52E2] ... 
620 - [C52E4] ... 
621 - [C52E12] ... 
622 - [C52G5] ... 
623 - [C53A3] ... 
624 - [C53A5] ... 
625 - [C53B4] ... 
626 - [C53B7] ... 
627 - [C53C7] ... 
628 - [C53C9] ... 
629 - [C53C11] ... 
630 - [C53D5] ... 
631 - [C53D6] ... 
632 - [C53H9] ... 
633 - [C54A12] ... 
634 - [C54C6] ... 
635 - [C54C8] ... 
636 - [C54D1] ... 
637 - [C54D2] ... 
638 - [C54D10] ... 
639 - [C54E4] ... 
640 - [C54E10] ... 
641 - [C54F6] ... 
642 - [C54G4] ... 
643 - [C54G6] ... 
644 - [C54G7] ... 
645 - [C54G10] ... 
646 - [C54H2] ... 
647 - [C55A1] ... 
648 - [C55A6] ... 
649 - [C55B6] ... 
650 - [C55B7] ... 
651 - [C55C2] ... 
652 - [C55C3] ... 
653 - [C55F2] ... 
654 - [C55H1] ... 
655 - [C56A3] ... 
656 - [C56C10] ... 
657 - [C56E6] ... 
658 - [C56E10] ... 
659 - [C56G2] ... 
660 - [C56G3] ... 
661 - [C56G7] ... 
662 - [CB3] ... 
663 - [CC4] ... 
664 - [CC8] ... 
665 - [CD4] ... 
666 - [CE7X_3] ... 
667 - [CEXL] ... 
668 - [cTel3X] ... 
669 - [cTel4X] ... 
670 - [cTel5] ... 
671 - [cTel7X] ... 
672 - [cTel17] ... 
673 - [cTel29B] ... 
674 - [cTel33B] ... 
675 - [cTel52S] ... 
676 - [cTel54X] ... 
677 - [cTel55X] ... 
678 - [cTel79B] ... 
679 - [D1005] ... 
680 - [D1007] ... 
681 - [D1009] ... 
682 - [D1014] ... 
683 - [D1022] ... 
684 - [D1025] ... 
685 - [D1037] ... 
686 - [D1043] ... 
687 - [D1044] ... 
688 - [D1046] ... 
689 - [D1053] ... 
690 - [D1054] ... 
691 - [D1065] ... 
692 - [D1069] ... 
693 - [D1073] ... 
694 - [D1079] ... 
695 - [D1081] ... 
696 - [D1086] ... 
697 - [D2005] ... 
698 - [D2007] ... 
699 - [D2013] ... 
700 - [D2021] ... 
701 - [D2023] ... 
702 - [D2024] ... 
703 - [D2030] ... 
704 - [D2045] ... 
705 - [D2062] ... 
706 - [D2063] ... 
707 - [D2085] ... 
708 - [D2089] ... 
709 - [D2092] ... 
710 - [D2096] ... 
711 - [DC2] ... 
712 - [DH11] ... 
713 - [DL2] ... 
714 - [DY3] ... 
715 - [E01A2] ... 
716 - [E01B7] ... 
717 - [E01F3] ... 
718 - [E01G4] ... 
719 - [E01G6] ... 
720 - [E01H11] ... 
721 - [E02A10] ... 
722 - [E02C12] ... 
723 - [E02D9] ... 
724 - [E02H1] ... 
725 - [E02H4] ... 
726 - [E02H9] ... 
727 - [E03A3] ... 
728 - [E03D2] ... 
729 - [E03E2] ... 
730 - [E03G2] ... 
731 - [E03H4] ... 
732 - [E03H12] ... 
733 - [E04A4] ... 
734 - [E04D5] ... 
735 - [E04F6] ... 
736 - [EEED8] ... 
737 - [EGAP1] ... 
738 - [EGAP2] ... 
739 - [EGAP3] ... 
740 - [EGAP4] ... 
741 - [EGAP5] ... 
742 - [EGAP7] ... 
743 - [EGAP8] ... 
744 - [EGAP9] ... 
745 - [EGAP798] ... 
746 - [EGAP1340] ... 
747 - [E_BE45912] ... 
748 - [F01D4] ... 
749 - [F01D5] ... 
750 - [F01E11] ... 
751 - [F01F1] ... 
752 - [F01G4] ... 
753 - [F01G10] ... 
754 - [F01G12] ... 
755 - [F02A9] ... 
756 - [F02C9] ... 
757 - [F02C12] ... 
758 - [F02D8] ... 
759 - [F02D10] ... 
760 - [F02E8] ... 
761 - [F02E9] ... 
762 - [F02E11] ... 
763 - [F02G3] ... 
764 - [F02H6] ... 
765 - [F07A5] ... 
766 - [F07A11] ... 
767 - [F07B7] ... 
768 - [F07B10] ... 
769 - [F07C3] ... 
770 - [F07C4] ... 
771 - [F07C6] ... 
772 - [F07C7] ... 
773 - [F07D3] ... 
774 - [F07D10] ... 
775 - [F07E5] ... 
776 - [F07F6] ... 
777 - [F07G6] ... 
778 - [F07G11] ... 
779 - [F07H5] ... 
780 - [F07H8] ... 
781 - [F08A7] ... 
782 - [F08A8] ... 
783 - [F08A10] ... 
784 - [F08B1] ... 
785 - [F08B4] ... 
786 - [F08B6] ... 
787 - [F08B12] ... 
788 - [F08C6] ... 
789 - [F08D12] ... 
790 - [F08E10] ... 
791 - [F08F1] ... 
792 - [F08F3] ... 
793 - [F08F8] ... 
794 - [F08G2] ... 
795 - [F08G5] ... 
796 - [F08G12] ... 
797 - [F08H9] ... 
798 - [F09A5] ... 
799 - [F09B9] ... 
800 - [F09B12] ... 
801 - [F09C3] ... 
802 - [F09C6] ... 
803 - [F09C8] ... 
804 - [F09C11] ... 
805 - [F09C12] ... 
806 - [F09D1] ... 
807 - [F09D5] ... 
808 - [F09D12] ... 
809 - [F09E5] ... 
810 - [F09E8] ... 
811 - [F09E10] ... 
812 - [F09F3] ... 
813 - [F09F7] ... 
814 - [F09F9] ... 
815 - [F09G2] ... 
816 - [F09G8] ... 
817 - [F10A3] ... 
818 - [F10B5] ... 
819 - [F10C1] ... 
820 - [F10C2] ... 
821 - [F10C5] ... 
822 - [F10D2] ... 
823 - [F10D7] ... 
824 - [F10D11] ... 
825 - [F10E7] ... 
826 - [F10E9] ... 
827 - [F10F2] ... 
828 - [F10G2] ... 
829 - [F10G7] ... 
830 - [F10G8] ... 
831 - [F10G11] ... 
832 - [F11A1] ... 
833 - [F11A3] ... 
834 - [F11A5] ... 
835 - [F11A6] ... 
836 - [F11A10] ... 
837 - [F11C1] ... 
838 - [F11C3] ... 
839 - [F11C7] ... 
840 - [F11D5] ... 
841 - [F11D11] ... 
842 - [F11E6] ... 
843 - [F11F1] ... 
844 - [F11G11] ... 
845 - [F11H8] ... 
846 - [F12A10] ... 
847 - [F12B6] ... 
848 - [F12D9] ... 
849 - [F12E12] ... 
850 - [F12F3] ... 
851 - [F12F6] ... 
852 - [F13A2] ... 
853 - [F13A7] ... 
854 - [F13B6] ... 
855 - [F13B9] ... 
856 - [F13B10] ... 
857 - [F13B12] ... 
858 - [F13C5] ... 
859 - [F13D2] ... 
860 - [F13D11] ... 
861 - [F13D12] ... 
862 - [F13E6] ... 
863 - [F13E9] ... 
864 - [F13G3] ... 
865 - [F13G11] ... 
866 - [F13H6] ... 
867 - [F13H8] ... 
868 - [F13H10] ... 
869 - [F14A5] ... 
870 - [F14B4] ... 
871 - [F14B6] ... 
872 - [F14B8] ... 
873 - [F14D1] ... 
874 - [F14D2] ... 
875 - [F14D7] ... 
876 - [F14D12] ... 
877 - [F14E5] ... 
878 - [F14E12] ... 
879 - [F14F3] ... 
880 - [F14F4] ... 
881 - [F14F7] ... 
882 - [F14F8] ... 
883 - [F14F9] ... 
884 - [F14F11] ... 
885 - [F14H3] ... 
886 - [F14H8] ... 
887 - [F14H12] ... 
888 - [F15A2] ... 
889 - [F15A4] ... 
890 - [F15A8] ... 
891 - [F15B9] ... 
892 - [F15B10] ... 
893 - [F15C11] ... 
894 - [F15D3] ... 
895 - [F15D4] ... 
896 - [F15E6] ... 
897 - [F15E11] ... 
898 - [F15G9] ... 
899 - [F15G10] ... 
900 - [F15H9] ... 
901 - [F15H10] ... 
902 - [F16A11] ... 
903 - [F16B3] ... 
904 - [F16B4] ... 
905 - [F16B12] ... 
906 - [F16C3] ... 
907 - [F16D3] ... 
908 - [F16F9] ... 
909 - [F16G10] ... 
910 - [F16H6] ... 
911 - [F16H9] ... 
912 - [F16H11] ... 
913 - [F17A2] ... 
914 - [F17A9] ... 
915 - [F17B5] ... 
916 - [F17C8] ... 
917 - [F17C11] ... 
918 - [F17E5] ... 
919 - [F17E9] ... 
920 - [F17H10] ... 
921 - [F18A1] ... 
922 - [F18A11] ... 
923 - [F18A12] ... 
924 - [F18C5] ... 
925 - [F18C12] ... 
926 - [F18E2] ... 
927 - [F18E3] ... 
928 - [F18E9] ... 
929 - [F18F11] ... 
930 - [F18G5] ... 
931 - [F18H3] ... 
932 - [F19B2] ... 
933 - [F19B6] ... 
934 - [F19B10] ... 
935 - [F19C6] ... 
936 - [F19C7] ... 
937 - [F19D8] ... 
938 - [F19F10] ... 
939 - [F19G12] ... 
940 - [F19H6] ... 
941 - [F19H8] ... 
942 - [F20A1] ... 
943 - [F20B4] ... 
944 - [F20B6] ... 
945 - [F20B10] ... 
946 - [F20C5] ... 
947 - [F20D1] ... 
948 - [F20D6] ... 
949 - [F20D12] ... 
950 - [F20E11] ... 
951 - [F20G2] ... 
952 - [F20G4] ... 
953 - [F20H11] ... 
954 - [F21A3] ... 
955 - [F21A9] ... 
956 - [F21A10] ... 
957 - [F21C3] ... 
958 - [F21C10] ... 
959 - [F21D5] ... 
960 - [F21D9] ... 
961 - [F21D12] ... 
962 - [F21E3] ... 
963 - [F21E9] ... 
964 - [F21F3] ... 
965 - [F21F8] ... 
966 - [F21F12] ... 
967 - [F21G4] ... 
968 - [F21H7] ... 
969 - [F21H11] ... 
970 - [F21H12] ... 
971 - [F22A3] ... 
972 - [F22B3] ... 
973 - [F22B5] ... 
974 - [F22B7] ... 
975 - [F22B8] ... 
976 - [F22D3] ... 
977 - [F22D6] ... 
978 - [F22E5] ... 
979 - [F22E10] ... 
980 - [F22E12] ... 
981 - [F22F1] ... 
982 - [F22F4] ... 
983 - [F22F7] ... 
984 - [F22G12] ... 
985 - [F22H10] ... 
986 - [F23A7] ... 
987 - [F23B2] ... 
988 - [F23B12] ... 
989 - [F23C8] ... 
990 - [F23C11] ... 
991 - [F23D12] ... 
992 - [F23F1] ... 
993 - [F23F12] ... 
994 - [F23G4] ... 
995 - [F23H11] ... 
996 - [F23H12] ... 
997 - [F25A2] ... 
998 - [F25B3] ... 
999 - [F25B4] ... 
1000 - [F25B5] ... 
1001 - [F25C8] ... 
1002 - [F25D1] ... 
1003 - [F25D7] ... 
1004 - [F25E2] ... 
1005 - [F25E5] ... 
1006 - [F25F1] ... 
1007 - [F25F2] ... 
1008 - [F25F6] ... 
1009 - [F25F8] ... 
1010 - [F25G6] ... 
1011 - [F25H2] ... 
1012 - [F25H5] ... 
1013 - [F25H8] ... 
1014 - [F25H9] ... 
1015 - [F25H10] ... 
1016 - [F26A1] ... 
1017 - [F26A3] ... 
1018 - [F26A10] ... 
1019 - [F26B1] ... 
1020 - [F26C11] ... 
1021 - [F26D2] ... 
1022 - [F26D10] ... 
1023 - [F26D11] ... 
1024 - [F26D12] ... 
1025 - [F26E4] ... 
1026 - [F26F2] ... 
1027 - [F26F4] ... 
1028 - [F26F12] ... 
1029 - [F26G1] ... 
1030 - [F26G5] ... 
1031 - [F26H9] ... 
1032 - [F26H11] ... 
1033 - [F27B3] ... 
1034 - [F27B10] ... 
1035 - [F27C1] ... 
1036 - [F27C8] ... 
1037 - [F27D4] ... 
1038 - [F27D9] ... 
1039 - [F27E5] ... 
1040 - [F27E11] ... 
1041 - [F28A10] ... 
1042 - [F28A12] ... 
1043 - [F28B1] ... 
1044 - [F28B3] ... 
1045 - [F28B4] ... 
1046 - [F28B12] ... 
1047 - [F28C1] ... 
1048 - [F28C6] ... 
1049 - [F28C10] ... 
1050 - [F28C12] ... 
1051 - [F28D1] ... 
1052 - [F28D9] ... 
1053 - [F28E10] ... 
1054 - [F28F5] ... 
1055 - [F28F8] ... 
1056 - [F28F9] ... 
1057 - [F28G4] ... 
1058 - [F28H1] ... 
1059 - [F28H6] ... 
1060 - [F28H7] ... 
1061 - [F29A7] ... 
1062 - [F29B9] ... 
1063 - [F29C4] ... 
1064 - [F29C6] ... 
1065 - [F29C12] ... 
1066 - [F29D10] ... 
1067 - [F29D11] ... 
1068 - [F29F11] ... 
1069 - [F29G6] ... 
1070 - [F29G9] ... 
1071 - [F30A10] ... 
1072 - [F30B5] ... 
1073 - [F30D4] ... 
1074 - [F30F8] ... 
1075 - [F30H5] ... 
1076 - [F31A3] ... 
1077 - [F31A9] ... 
1078 - [F31B9] ... 
1079 - [F31B12] ... 
1080 - [F31C3] ... 
1081 - [F31D4] ... 
1082 - [F31D5] ... 
1083 - [F31E3] ... 
1084 - [F31E8] ... 
1085 - [F31E9] ... 
1086 - [F31F4] ... 
1087 - [F31F6] ... 
1088 - [F31F7] ... 
1089 - [F32A5] ... 
1090 - [F32A6] ... 
1091 - [F32A7] ... 
1092 - [F32A11] ... 
1093 - [F32B4] ... 
1094 - [F32B5] ... 
1095 - [F32B6] ... 
1096 - [F32D1] ... 
1097 - [F32D8] ... 
1098 - [F32E10] ... 
1099 - [F32F2] ... 
1100 - [F32G8] ... 
1101 - [F32H2] ... 
1102 - [F32H5] ... 
1103 - [F33A8] ... 
1104 - [F33C8] ... 
1105 - [F33D4] ... 
1106 - [F33D11] ... 
1107 - [F33E2] ... 
1108 - [F33E11] ... 
1109 - [F33G12] ... 
1110 - [F33H1] ... 
1111 - [F33H2] ... 
1112 - [F33H12] ... 
1113 - [F34D6] ... 
1114 - [F34D10] ... 
1115 - [F34H10] ... 
1116 - [F35A5] ... 
1117 - [F35B3] ... 
1118 - [F35B12] ... 
1119 - [F35C5] ... 
1120 - [F35C8] ... 
1121 - [F35C11] ... 
1122 - [F35C12] ... 
1123 - [F35D2] ... 
1124 - [F35D6] ... 
1125 - [F35D11] ... 
1126 - [F35E2] ... 
1127 - [F35E8] ... 
1128 - [F35E12] ... 
1129 - [F35F10] ... 
1130 - [F35F11] ... 
1131 - [F35G2] ... 
1132 - [F35G8] ... 
1133 - [F35G12] ... 
1134 - [F35H8] ... 
1135 - [F35H10] ... 
1136 - [F35H12] ... 
1137 - [F36A2] ... 
1138 - [F36A4] ... 
1139 - [F36D1] ... 
1140 - [F36D3] ... 
1141 - [F36D4] ... 
1142 - [F36F2] ... 
1143 - [F36F12] ... 
1144 - [F36G3] ... 
1145 - [F36G9] ... 
1146 - [F36H1] ... 
1147 - [F36H2] ... 
1148 - [F36H5] ... 
1149 - [F36H9] ... 
1150 - [F36H12] ... 
1151 - [F37A4] ... 
1152 - [F37A8] ... 
1153 - [F37B1] ... 
1154 - [F37B4] ... 
1155 - [F37B12] ... 
1156 - [F37C4] ... 
1157 - [F37C12] ... 
1158 - [F37D6] ... 
1159 - [F37E3] ... 
1160 - [F37F2] ... 
1161 - [F37H8] ... 
1162 - [F38A1] ... 
1163 - [F38A3] ... 
1164 - [F38A5] ... 
1165 - [F38A6] ... 
1166 - [F38B2] ... 
1167 - [F38B6] ... 
1168 - [F38B7] ... 
1169 - [F38C2] ... 
1170 - [F38E1] ... 
1171 - [F38E9] ... 
1172 - [F38E11] ... 
1173 - [F38G1] ... 
1174 - [F38H4] ... 
1175 - [F38H12] ... 
1176 - [F39B1] ... 
1177 - [F39B2] ... 
1178 - [F39B3] ... 
1179 - [F39C12] ... 
1180 - [F39D8] ... 
1181 - [F39E9] ... 
1182 - [F39F10] ... 
1183 - [F39G3] ... 
1184 - [F39H2] ... 
1185 - [F39H11] ... 
1186 - [F39H12] ... 
1187 - [F40A3] ... 
1188 - [F40B1] ... 
1189 - [F40B5] ... 
1190 - [F40C5] ... 
1191 - [F40D4] ... 
1192 - [F40E3] ... 
1193 - [F40E10] ... 
1194 - [F40E12] ... 
1195 - [F40F4] ... 
1196 - [F40F8] ... 
1197 - [F40F9] ... 
1198 - [F40F11] ... 
1199 - [F40F12] ... 
1200 - [F40G9] ... 
1201 - [F40G12] ... 
1202 - [F40H3] ... 
1203 - [F40H6] ... 
1204 - [F40H7] ... 
1205 - [F41A4] ... 
1206 - [F41B4] ... 
1207 - [F41B5] ... 
1208 - [F41C3] ... 
1209 - [F41C6] ... 
1210 - [F41D3] ... 
1211 - [F41D9] ... 
1212 - [F41E6] ... 
1213 - [F41E7] ... 
1214 - [F41F3] ... 
1215 - [F41G3] ... 
1216 - [F41G4] ... 
1217 - [F41H8] ... 
1218 - [F41H10] ... 
1219 - [F42A6] ... 
1220 - [F42A8] ... 
1221 - [F42A9] ... 
1222 - [F42A10] ... 
1223 - [F42C5] ... 
1224 - [F42D1] ... 
1225 - [F42E8] ... 
1226 - [F42E11] ... 
1227 - [F42F12] ... 
1228 - [F42G2] ... 
1229 - [F42G4] ... 
1230 - [F42G8] ... 
1231 - [F42G9] ... 
1232 - [F42G10] ... 
1233 - [F42H10] ... 
1234 - [F42H11] ... 
1235 - [F43A11] ... 
1236 - [F43B10] ... 
1237 - [F43C1] ... 
1238 - [F43C9] ... 
1239 - [F43C11] ... 
1240 - [F43D2] ... 
1241 - [F43D9] ... 
1242 - [F43E2] ... 
1243 - [F43E12] ... 
1244 - [F43G6] ... 
1245 - [F43G9] ... 
1246 - [F43H9] ... 
1247 - [F44A2] ... 
1248 - [F44A6] ... 
1249 - [F44B9] ... 
1250 - [F44C4] ... 
1251 - [F44C8] ... 
1252 - [F44D12] ... 
1253 - [F44E2] ... 
1254 - [F44E5] ... 
1255 - [F44E7] ... 
1256 - [F44E8] ... 
1257 - [F44F1] ... 
1258 - [F44F4] ... 
1259 - [F44G3] ... 
1260 - [F44G4] ... 
1261 - [F45B8] ... 
1262 - [F45C12] ... 
1263 - [F45D3] ... 
1264 - [F45D11] ... 
1265 - [F45E1] ... 
1266 - [F45E4] ... 
1267 - [F45E6] ... 
1268 - [F45E10] ... 
1269 - [F45E12] ... 
1270 - [F45F2] ... 
1271 - [F45G2] ... 
1272 - [F45H7] ... 
1273 - [F45H10] ... 
1274 - [F45H11] ... 
1275 - [F46A8] ... 
1276 - [F46A9] ... 
1277 - [F46B3] ... 
1278 - [F46B6] ... 
1279 - [F46B7] ... 
1280 - [F46C3] ... 
1281 - [F46C5] ... 
1282 - [F46C8] ... 
1283 - [F46E10] ... 
1284 - [F46F2] ... 
1285 - [F46F3] ... 
1286 - [F46F5] ... 
1287 - [F46F6] ... 
1288 - [F46F11] ... 
1289 - [F46G10] ... 
1290 - [F46G11] ... 
1291 - [F46H5] ... 
1292 - [F46H6] ... 
1293 - [F47A4] ... 
1294 - [F47B3] ... 
1295 - [F47B7] ... 
1296 - [F47B8] ... 
1297 - [F47B10] ... 
1298 - [F47C8] ... 
1299 - [F47C10] ... 
1300 - [F47C12] ... 
1301 - [F47D2] ... 
1302 - [F47D12] ... 
1303 - [F47E1] ... 
1304 - [F47F2] ... 
1305 - [F47F6] ... 
1306 - [F47G3] ... 
1307 - [F47G4] ... 
1308 - [F47G6] ... 
1309 - [F47G9] ... 
1310 - [F47H4] ... 
1311 - [F48A9] ... 
1312 - [F48A11] ... 
1313 - [F48B9] ... 
1314 - [F48C1] ... 
1315 - [F48C5] ... 
1316 - [F48C11] ... 
1317 - [F48D6] ... 
1318 - [F48E3] ... 
1319 - [F48E8] ... 
1320 - [F48F5] ... 
1321 - [F48F7] ... 
1322 - [F48G7] ... 
1323 - [F49A5] ... 
1324 - [F49B2] ... 
1325 - [F49C5] ... 
1326 - [F49C8] ... 
1327 - [F49C12] ... 
1328 - [F49D11] ... 
1329 - [F49E2] ... 
1330 - [F49E7] ... 
1331 - [F49E8] ... 
1332 - [F49E10] ... 
1333 - [F49E11] ... 
1334 - [F49E12] ... 
1335 - [F49F1] ... 
1336 - [F49H6] ... 
1337 - [F49H12] ... 
1338 - [F52A8] ... 
1339 - [F52B5] ... 
1340 - [F52B10] ... 
1341 - [F52B11] ... 
1342 - [F52C6] ... 
1343 - [F52C9] ... 
1344 - [F52C12] ... 
1345 - [F52D1] ... 
1346 - [F52D2] ... 
1347 - [F52D4] ... 
1348 - [F52D10] ... 
1349 - [F52E1] ... 
1350 - [F52E4] ... 
1351 - [F52E10] ... 
1352 - [F52F10] ... 
1353 - [F52F12] ... 
1354 - [F52G2] ... 
1355 - [F52G3] ... 
1356 - [F52H2] ... 
1357 - [F52H3] ... 
1358 - [F53A2] ... 
1359 - [F53A3] ... 
1360 - [F53A9] ... 
1361 - [F53A10] ... 
1362 - [F53B1] ... 
1363 - [F53B2] ... 
1364 - [F53B3] ... 
1365 - [F53B6] ... 
1366 - [F53B7] ... 
1367 - [F53B8] ... 
1368 - [F53C3] ... 
1369 - [F53C11] ... 
1370 - [F53E2] ... 
1371 - [F53E4] ... 
1372 - [F53E10] ... 
1373 - [F53F1] ... 
1374 - [F53F4] ... 
1375 - [F53F8] ... 
1376 - [F53F10] ... 
1377 - [F53G2] ... 
1378 - [F53G12] ... 
1379 - [F53H1] ... 
1380 - [F53H2] ... 
1381 - [F53H4] ... 
1382 - [F53H8] ... 
1383 - [F53H10] ... 
1384 - [F54A3] ... 
1385 - [F54A5] ... 
1386 - [F54B3] ... 
1387 - [F54B8] ... 
1388 - [F54B11] ... 
1389 - [F54C1] ... 
1390 - [F54C4] ... 
1391 - [F54C8] ... 
1392 - [F54C9] ... 
1393 - [F54D1] ... 
1394 - [F54D5] ... 
1395 - [F54D7] ... 
1396 - [F54D8] ... 
1397 - [F54D10] ... 
1398 - [F54D11] ... 
1399 - [F54D12] ... 
1400 - [F54E2] ... 
1401 - [F54E4] ... 
1402 - [F54E7] ... 
1403 - [F54E12] ... 
1404 - [F54F2] ... 
1405 - [F54F3] ... 
1406 - [F54F7] ... 
1407 - [F54F11] ... 
1408 - [F54F12] ... 
1409 - [F54G2] ... 
1410 - [F54G8] ... 
1411 - [F54H5] ... 
1412 - [F54H12] ... 
1413 - [F55A3] ... 
1414 - [F55A4] ... 
1415 - [F55A8] ... 
1416 - [F55A11] ... 
1417 - [F55A12] ... 
1418 - [F55B11] ... 
1419 - [F55B12] ... 
1420 - [F55C5] ... 
1421 - [F55C7] ... 
1422 - [F55C9] ... 
1423 - [F55C10] ... 
1424 - [F55C12] ... 
1425 - [F55D1] ... 
1426 - [F55D10] ... 
1427 - [F55D12] ... 
1428 - [F55E10] ... 
1429 - [F55F1] ... 
1430 - [F55F3] ... 
1431 - [F55F8] ... 
1432 - [F55F10] ... 
1433 - [F55G1] ... 
1434 - [F55G7] ... 
1435 - [F55G11] ... 
1436 - [F55H2] ... 
1437 - [F55H12] ... 
1438 - [F56A3] ... 
1439 - [F56A4] ... 
1440 - [F56A6] ... 
1441 - [F56A8] ... 
1442 - [F56A11] ... 
1443 - [F56A12] ... 
1444 - [F56B3] ... 
1445 - [F56B6] ... 
1446 - [F56C3] ... 
1447 - [F56C4] ... 
1448 - [F56C9] ... 
1449 - [F56C11] ... 
1450 - [F56D1] ... 
1451 - [F56D2] ... 
1452 - [F56D3] ... 
1453 - [F56D5] ... 
1454 - [F56D6] ... 
1455 - [F56D12] ... 
1456 - [F56E3] ... 
1457 - [F56E10] ... 
1458 - [F56F3] ... 
1459 - [F56F4] ... 
1460 - [F56F10] ... 
1461 - [F56F11] ... 
1462 - [F56F12] ... 
1463 - [F56G4] ... 
1464 - [F56H1] ... 
1465 - [F56H6] ... 
1466 - [F56H9] ... 
1467 - [F56H11] ... 
1468 - [F57A5] ... 
1469 - [F57A8] ... 
1470 - [F57A10] ... 
1471 - [F57B1] ... 
1472 - [F57B7] ... 
1473 - [F57B9] ... 
1474 - [F57B10] ... 
1475 - [F57C2] ... 
1476 - [F57C7] ... 
1477 - [F57C9] ... 
1478 - [F57C12] ... 
1479 - [F57E7] ... 
1480 - [F57F4] ... 
1481 - [F57F5] ... 
1482 - [F57F10] ... 
1483 - [F57G4] ... 
1484 - [F57G8] ... 
1485 - [F57G9] ... 
1486 - [F57G12] ... 
1487 - [F57H12] ... 
1488 - [F58A3] ... 
1489 - [F58A4] ... 
1490 - [F58A6] ... 
1491 - [F58B3] ... 
1492 - [F58B4] ... 
1493 - [F58B6] ... 
1494 - [F58D2] ... 
1495 - [F58D5] ... 
1496 - [F58D7] ... 
1497 - [F58D12] ... 
1498 - [F58E1] ... 
1499 - [F58E2] ... 
1500 - [F58E6] ... 
1501 - [F58E10] ... 
1502 - [F58F6] ... 
1503 - [F58F9] ... 
1504 - [F58F12] ... 
1505 - [F58G1] ... 
1506 - [F58G4] ... 
1507 - [F58G6] ... 
1508 - [F58G11] ... 
1509 - [F58H1] ... 
1510 - [F58H7] ... 
1511 - [F58H10] ... 
1512 - [F58H12] ... 
1513 - [F59A1] ... 
1514 - [F59A2] ... 
1515 - [F59A3] ... 
1516 - [F59A6] ... 
1517 - [F59A7] ... 
1518 - [F59B1] ... 
1519 - [F59B2] ... 
1520 - [F59B8] ... 
1521 - [F59B10] ... 
1522 - [F59C6] ... 
1523 - [F59C12] ... 
1524 - [F59D6] ... 
1525 - [F59D8] ... 
1526 - [F59D12] ... 
1527 - [F59E10] ... 
1528 - [F59E11] ... 
1529 - [F59E12] ... 
1530 - [F59F3] ... 
1531 - [F59F4] ... 
1532 - [F59F5] ... 
1533 - [F59G1] ... 
1534 - [F59H5] ... 
1535 - [F59H6] ... 
1536 - [H01A20] ... 
1537 - [H01G02] ... 
1538 - [H01M01] ... 
1539 - [H01M10] ... 
1540 - [H02F09] ... 
1541 - [H02I12] ... 
1542 - [H02K04] ... 
1543 - [H03A11] ... 
1544 - [H03E18] ... 
1545 - [H03G13] ... 
1546 - [H03G16] ... 
1547 - [H04D03] ... 
1548 - [H04D19] ... 
1549 - [H04J21] ... 
1550 - [H04M03] ... 
1551 - [H05B21] ... 
1552 - [H05C05] ... 
1553 - [H05G16] ... 
1554 - [H05L03] ... 
1555 - [H05L14] ... 
1556 - [H05O09] ... 
1557 - [H06A10] ... 
1558 - [H06H21] ... 
1559 - [H06I04] ... 
1560 - [H06K08] ... 
1561 - [H06N16] ... 
1562 - [H06O01] ... 
1563 - [H07I21] ... 
1564 - [H08G01] ... 
1565 - [H08J11] ... 
1566 - [H08J19] ... 
1567 - [H08M01] ... 
1568 - [H08M21] ... 
1569 - [H09F14] ... 
1570 - [H09G03] ... 
1571 - [H09I01] ... 
1572 - [H10D12] ... 
1573 - [H10D18] ... 
1574 - [H10E21] ... 
1575 - [H10E24] ... 
1576 - [H11E01] ... 
1577 - [H11L12] ... 
1578 - [H12C20] ... 
1579 - [H12D21] ... 
1580 - [H12I13] ... 
1581 - [H12I19] ... 
1582 - [H12N23] ... 
1583 - [H13J03] ... 
1584 - [H13N06] ... 
1585 - [H14A12] ... 
1586 - [H14E04] ... 
1587 - [H14N18] ... 
1588 - [H15M21] ... 
1589 - [H15N14] ... 
1590 - [H16D19] ... 
1591 - [H16O14] ... 
1592 - [H17B01] ... 
1593 - [H18N23] ... 
1594 - [H19J13] ... 
1595 - [H19M22] ... 
1596 - [H19N07] ... 
1597 - [H20E11] ... 
1598 - [H20J04] ... 
1599 - [H20J18] ... 
1600 - [H21M04] ... 
1601 - [H21P03] ... 
1602 - [H22D07] ... 
1603 - [H22D14] ... 
1604 - [H22K11] ... 
1605 - [H23L24] ... 
1606 - [H23N18] ... 
1607 - [H24D24] ... 
1608 - [H24G06] ... 
1609 - [H24K24] ... 
1610 - [H24O09] ... 
1611 - [H25K10] ... 
1612 - [H25P06] ... 
1613 - [H25P19] ... 
1614 - [H26D21] ... 
1615 - [H27A22] ... 
1616 - [H27C11] ... 
1617 - [H27D07] ... 
1618 - [H27M09] ... 
1619 - [H27O22] ... 
1620 - [H28G03] ... 
1621 - [H28O16] ... 
1622 - [H29C22] ... 
1623 - [H30A04] ... 
1624 - [H31B20] ... 
1625 - [H31G24] ... 
1626 - [H32C10] ... 
1627 - [H32I14] ... 
1628 - [H32K16] ... 
1629 - [H32K21] ... 
1630 - [H33H01] ... 
1631 - [H34C03] ... 
1632 - [H34I24] ... 
1633 - [H34P18] ... 
1634 - [H35B03] ... 
1635 - [H35N03] ... 
1636 - [H35N09] ... 
1637 - [H36L18] ... 
1638 - [H36N01] ... 
1639 - [H37A05] ... 
1640 - [H37N21] ... 
1641 - [H38K22] ... 
1642 - [H39E20] ... 
1643 - [H39E23] ... 
1644 - [H40D05] ... 
1645 - [H40L08] ... 
1646 - [H41C03] ... 
1647 - [H41F22] ... 
1648 - [H42K12] ... 
1649 - [H43E16] ... 
1650 - [H43I07] ... 
1651 - [JC8] ... 
1652 - [K01A2] ... 
1653 - [K01A6] ... 
1654 - [K01A11] ... 
1655 - [K01A12] ... 
1656 - [K01B6] ... 
1657 - [K01B10] ... 
1658 - [K01C8] ... 
1659 - [K01D12] ... 
1660 - [K01F9] ... 
1661 - [K01G5] ... 
1662 - [K01G12] ... 
1663 - [K01H12] ... 
1664 - [K02A2] ... 
1665 - [K02A4] ... 
1666 - [K02A6] ... 
1667 - [K02A11] ... 
1668 - [K02B2] ... 
1669 - [K02B7] ... 
1670 - [K02B9] ... 
1671 - [K02B12] ... 
1672 - [K02C4] ... 
1673 - [K02D3] ... 
1674 - [K02D7] ... 
1675 - [K02D10] ... 
1676 - [K02E2] ... 
1677 - [K02E7] ... 
1678 - [K02E10] ... 
1679 - [K02E11] ... 
1680 - [K02F2] ... 
1681 - [K02F3] ... 
1682 - [K02F6] ... 
1683 - [K02G10] ... 
1684 - [K02H8] ... 
1685 - [K02H11] ... 
1686 - [K03A1] ... 
1687 - [K03A11] ... 
1688 - [K03B4] ... 
1689 - [K03B8] ... 
1690 - [K03C7] ... 
1691 - [K03D3] ... 
1692 - [K03D7] ... 
1693 - [K03D10] ... 
1694 - [K03E5] ... 
1695 - [K03E6] ... 
1696 - [K03F8] ... 
1697 - [K03H1] ... 
1698 - [K03H4] ... 
1699 - [K03H6] ... 
1700 - [K03H9] ... 
1701 - [K04A8] ... 
1702 - [K04B12] ... 
1703 - [K04C1] ... 
1704 - [K04C2] ... 
1705 - [K04D7] ... 
1706 - [K04E7] ... 
1707 - [K04F1] ... 
1708 - [K04F10] ... 
1709 - [K04G2] ... 
1710 - [K04G7] ... 
1711 - [K04G11] ... 
1712 - [K04H4] ... 
1713 - [K04H8] ... 
1714 - [K05B2] ... 
1715 - [K05C4] ... 
1716 - [K05D4] ... 
1717 - [K05F1] ... 
1718 - [K05F6] ... 
1719 - [K05G3] ... 
1720 - [K06A1] ... 
1721 - [K06A4] ... 
1722 - [K06A5] ... 
1723 - [K06A9] ... 
1724 - [K06B4] ... 
1725 - [K06B9] ... 
1726 - [K06C4] ... 
1727 - [K06G5] ... 
1728 - [K06H6] ... 
1729 - [K06H7] ... 
1730 - [K07A1] ... 
1731 - [K07A3] ... 
1732 - [K07A9] ... 
1733 - [K07A12] ... 
1734 - [K07B1] ... 
1735 - [K07C5] ... 
1736 - [K07C6] ... 
1737 - [K07C10] ... 
1738 - [K07C11] ... 
1739 - [K07D4] ... 
1740 - [K07D8] ... 
1741 - [K07E1] ... 
1742 - [K07E3] ... 
1743 - [K07E8] ... 
1744 - [K07E12] ... 
1745 - [K07F5] ... 
1746 - [K07G5] ... 
1747 - [K07G6] ... 
1748 - [K07H8] ... 
1749 - [K08A2] ... 
1750 - [K08A8] ... 
1751 - [K08B4] ... 
1752 - [K08B5] ... 
1753 - [K08B12] ... 
1754 - [K08C7] ... 
1755 - [K08C9] ... 
1756 - [K08D8] ... 
1757 - [K08D9] ... 
1758 - [K08D10] ... 
1759 - [K08D12] ... 
1760 - [K08E3] ... 
1761 - [K08E4] ... 
1762 - [K08E5] ... 
1763 - [K08E7] ... 
1764 - [K08F4] ... 
1765 - [K08F8] ... 
1766 - [K08F9] ... 
1767 - [K08F11] ... 
1768 - [K08G2] ... 
1769 - [K08H2] ... 
1770 - [K08H10] ... 
1771 - [K09A9] ... 
1772 - [K09A11] ... 
1773 - [K09B3] ... 
1774 - [K09B11] ... 
1775 - [K09C4] ... 
1776 - [K09C6] ... 
1777 - [K09C8] ... 
1778 - [K09D9] ... 
1779 - [K09E2] ... 
1780 - [K09E3] ... 
1781 - [K09E4] ... 
1782 - [K09E9] ... 
1783 - [K09E10] ... 
1784 - [K09F5] ... 
1785 - [K09F6] ... 
1786 - [K09G1] ... 
1787 - [K09H9] ... 
1788 - [K09H11] ... 
1789 - [K10B2] ... 
1790 - [K10B3] ... 
1791 - [K10B4] ... 
1792 - [K10C2] ... 
1793 - [K10C3] ... 
1794 - [K10C8] ... 
1795 - [K10C9] ... 
1796 - [K10D2] ... 
1797 - [K10D3] ... 
1798 - [K10D6] ... 
1799 - [K10D11] ... 
1800 - [K10E9] ... 
1801 - [K10F12] ... 
1802 - [K10G4] ... 
1803 - [K10G6] ... 
1804 - [K10G9] ... 
1805 - [K10H10] ... 
1806 - [K11B4] ... 
1807 - [K11C4] ... 
1808 - [K11D2] ... 
1809 - [K11D5] ... 
1810 - [K11D9] ... 
1811 - [K11D12] ... 
1812 - [K11E4] ... 
1813 - [K11E8] ... 
1814 - [K11G9] ... 
1815 - [K11G12] ... 
1816 - [K11H3] ... 
1817 - [K11H12] ... 
1818 - [K12B6] ... 
1819 - [K12C11] ... 
1820 - [K12D9] ... 
1821 - [K12D12] ... 
1822 - [K12F2] ... 
1823 - [K12G11] ... 
1824 - [K12H4] ... 
1825 - [K12H6] ... 
1826 - [LLC1] ... 
1827 - [M01A8] ... 
1828 - [M01A10] ... 
1829 - [M01A12] ... 
1830 - [M01B2] ... 
1831 - [M01B12] ... 
1832 - [M01D1] ... 
1833 - [M01D7] ... 
1834 - [M01E5] ... 
1835 - [M01E10] ... 
1836 - [M01E11] ... 
1837 - [M01F1] ... 
1838 - [M01F7] ... 
1839 - [M01G4] ... 
1840 - [M01G5] ... 
1841 - [M01G12] ... 
1842 - [M01H9] ... 
1843 - [M02A10] ... 
1844 - [M02B1] ... 
1845 - [M02B7] ... 
1846 - [M02D8] ... 
1847 - [M02E1] ... 
1848 - [M02F4] ... 
1849 - [M02G9] ... 
1850 - [M02G12] ... 
1851 - [M02H5] ... 
1852 - [M03A1] ... 
1853 - [M03A8] ... 
1854 - [M03B6] ... 
1855 - [M03C11] ... 
1856 - [M03D4] ... 
1857 - [M03E7] ... 
1858 - [M03F4] ... 
1859 - [M03F8] ... 
1860 - [M4] ... 
1861 - [M04B2] ... 
1862 - [M04C3] ... 
1863 - [M04C7] ... 
1864 - [M04C9] ... 
1865 - [M04D5] ... 
1866 - [M04D8] ... 
1867 - [M04F3] ... 
1868 - [M04G7] ... 
1869 - [M04G12] ... 
1870 - [M05B5] ... 
1871 - [M05D6] ... 
1872 - [M6] ... 
1873 - [M7] ... 
1874 - [M18] ... 
1875 - [M28] ... 
1876 - [M57] ... 
1877 - [M60] ... 
1878 - [M70] ... 
1879 - [M79] ... 
1880 - [M88] ... 
1881 - [M106] ... 
1882 - [M110] ... 
1883 - [M116] ... 
1884 - [M117] ... 
1885 - [M142] ... 
1886 - [M151] ... 
1887 - [M153] ... 
1888 - [M162] ... 
1889 - [M163] ... 
1890 - [M176] ... 
1891 - [M195] ... 
1892 - [M199] ... 
1893 - [MTCE] ... 
1894 - [PAR2] ... 
1895 - [PAR3] ... 
1896 - [PDB1] ... 
1897 - [R01B10] ... 
1898 - [R01E6] ... 
1899 - [R01H2] ... 
1900 - [R01H5] ... 
1901 - [R01H10] ... 
1902 - [R02C2] ... 
1903 - [R02D1] ... 
1904 - [R02D3] ... 
1905 - [R02D5] ... 
1906 - [R02E4] ... 
1907 - [R02E12] ... 
1908 - [R02F2] ... 
1909 - [R02F11] ... 
1910 - [R03A10] ... 
1911 - [R03C1] ... 
1912 - [R03D7] ... 
1913 - [R03E1] ... 
1914 - [R03E9] ... 
1915 - [R03G5] ... 
1916 - [R03G8] ... 
1917 - [R03H4] ... 
1918 - [R03H10] ... 
1919 - [R04A9] ... 
1920 - [R04B3] ... 
1921 - [R04B5] ... 
1922 - [R04D3] ... 
1923 - [R04E5] ... 
1924 - [R04F11] ... 
1925 - [R05A10] ... 
1926 - [R05C11] ... 
1927 - [R05D3] ... 
1928 - [R05D7] ... 
1929 - [R05D8] ... 
1930 - [R05D11] ... 
1931 - [R05F9] ... 
1932 - [R05G6] ... 
1933 - [R05G9] ... 
1934 - [R05G9R] ... 
1935 - [R05H5] ... 
1936 - [R05H10] ... 
1937 - [R05H11] ... 
1938 - [R06A4] ... 
1939 - [R06A10] ... 
1940 - [R06B9] ... 
1941 - [R06B10] ... 
1942 - [R06C1] ... 
1943 - [R06C7] ... 
1944 - [R06F6] ... 
1945 - [R07A4] ... 
1946 - [R07B1] ... 
1947 - [R07B5] ... 
1948 - [R07B7] ... 
1949 - [R07C3] ... 
1950 - [R07C12] ... 
1951 - [R07D5] ... 
1952 - [R07E3] ... 
1953 - [R07E4] ... 
1954 - [R07E5] ... 
1955 - [R07G3] ... 
1956 - [R07H5] ... 
1957 - [R08A2] ... 
1958 - [R08B4] ... 
1959 - [R08C7] ... 
1960 - [R08D7] ... 
1961 - [R08E3] ... 
1962 - [R08E5] ... 
1963 - [R08F11] ... 
1964 - [R08H2] ... 
1965 - [R09A1] ... 
1966 - [R09A8] ... 
1967 - [R09B3] ... 
1968 - [R09B5] ... 
1969 - [R09D1] ... 
1970 - [R09E10] ... 
1971 - [R09E12] ... 
1972 - [R09F10] ... 
1973 - [R09G11] ... 
1974 - [R09H3] ... 
1975 - [R09H10] ... 
1976 - [R10A10] ... 
1977 - [R10D12] ... 
1978 - [R10E4] ... 
1979 - [R10E8] ... 
1980 - [R10E9] ... 
1981 - [R10E11] ... 
1982 - [R10E12] ... 
1983 - [R10F2] ... 
1984 - [R10H1] ... 
1985 - [R10H10] ... 
1986 - [R11] ... 
1987 - [R11A5] ... 
1988 - [R11A8] ... 
1989 - [R11B5] ... 
1990 - [R11D1] ... 
1991 - [R11E3] ... 
1992 - [R11F4] ... 
1993 - [R11G1] ... 
1994 - [R11G10] ... 
1995 - [R11G11] ... 
1996 - [R11H6] ... 
1997 - [R12A1] ... 
1998 - [R12B2] ... 
1999 - [R12C12] ... 
2000 - [R12E2] ... 
2001 - [R12G8] ... 
2002 - [R12H7] ... 
2003 - [R13] ... 
2004 - [R13A1] ... 
2005 - [R13A5] ... 
2006 - [R13D7] ... 
2007 - [R13D11] ... 
2008 - [R13F6] ... 
2009 - [R13G10] ... 
2010 - [R13H4] ... 
2011 - [R13H7] ... 
2012 - [R13H8] ... 
2013 - [R13H9] ... 
2014 - [R17] ... 
2015 - [R31] ... 
2016 - [R52] ... 
2017 - [R53] ... 
2018 - [R57] ... 
2019 - [R74] ... 
2020 - [R90] ... 
2021 - [R102] ... 
2022 - [R105] ... 
2023 - [R106] ... 
2024 - [R107] ... 
2025 - [R119] ... 
2026 - [R134] ... 
2027 - [R144] ... 
2028 - [R148] ... 
2029 - [R151] ... 
2030 - [R153] ... 
2031 - [R155] ... 
2032 - [R160] ... 
2033 - [R166] ... 
2034 - [R173] ... 
2035 - [R186] ... 
2036 - [R193] ... 
2037 - [SSSD1] ... 
2038 - [T01A4] ... 
2039 - [T01B4] ... 
2040 - [T01B6] ... 
2041 - [T01B7] ... 
2042 - [T01B10] ... 
2043 - [T01B11] ... 
2044 - [T01C1] ... 
2045 - [T01C2] ... 
2046 - [T01C3] ... 
2047 - [T01C4] ... 
2048 - [T01C8] ... 
2049 - [T01D1] ... 
2050 - [T01D3] ... 
2051 - [T01E8] ... 
2052 - [T01G1] ... 
2053 - [T01G5] ... 
2054 - [T01G6] ... 
2055 - [T01G9] ... 
2056 - [T01H3] ... 
2057 - [T01H8] ... 
2058 - [T01H10] ... 
2059 - [T02B5] ... 
2060 - [T02B11] ... 
2061 - [T02C1] ... 
2062 - [T02C5] ... 
2063 - [T02C12] ... 
2064 - [T02D1] ... 
2065 - [T02E1] ... 
2066 - [T02E9] ... 
2067 - [T02G5] ... 
2068 - [T02G6] ... 
2069 - [T02H6] ... 
2070 - [T03A1] ... 
2071 - [T03D3] ... 
2072 - [T03D8] ... 
2073 - [T03E6] ... 
2074 - [T03F1] ... 
2075 - [T03F6] ... 
2076 - [T03F7] ... 
2077 - [T03G6] ... 
2078 - [T03G11] ... 
2079 - [T04A6] ... 
2080 - [T04A8] ... 
2081 - [T04A11] ... 
2082 - [T04B2] ... 
2083 - [T04B8] ... 
2084 - [T04C4] ... 
2085 - [T04C9] ... 
2086 - [T04C10] ... 
2087 - [T04C12] ... 
2088 - [T04D1] ... 
2089 - [T04D3] ... 
2090 - [T04F3] ... 
2091 - [T04F8] ... 
2092 - [T04G9] ... 
2093 - [T04H1] ... 
2094 - [T05A1] ... 
2095 - [T05A6] ... 
2096 - [T05A7] ... 
2097 - [T05A8] ... 
2098 - [T05A10] ... 
2099 - [T05A12] ... 
2100 - [T05B4] ... 
2101 - [T05B9] ... 
2102 - [T05B11] ... 
2103 - [T05C1] ... 
2104 - [T05C3] ... 
2105 - [T05C7] ... 
2106 - [T05C12] ... 
2107 - [T05D4] ... 
2108 - [T05E7] ... 
2109 - [T05E8] ... 
2110 - [T05E11] ... 
2111 - [T05E12] ... 
2112 - [T05F1] ... 
2113 - [T05G5] ... 
2114 - [T05G11] ... 
2115 - [T05H4] ... 
2116 - [T05H10] ... 
2117 - [T06A1] ... 
2118 - [T06A4] ... 
2119 - [T06A10] ... 
2120 - [T06C10] ... 
2121 - [T06C12] ... 
2122 - [T06D4] ... 
2123 - [T06D8] ... 
2124 - [T06D10] ... 
2125 - [T06E4] ... 
2126 - [T06E6] ... 
2127 - [T06E8] ... 
2128 - [T06F4] ... 
2129 - [T06G6] ... 
2130 - [T06H11] ... 
2131 - [T07A5] ... 
2132 - [T07A9] ... 
2133 - [T07C4] ... 
2134 - [T07C5] ... 
2135 - [T07C12] ... 
2136 - [T07D1] ... 
2137 - [T07D3] ... 
2138 - [T07D4] ... 
2139 - [T07D10] ... 
2140 - [T07E3] ... 
2141 - [T07F8] ... 
2142 - [T07F10] ... 
2143 - [T07F12] ... 
2144 - [T07G12] ... 
2145 - [T07H3] ... 
2146 - [T07H6] ... 
2147 - [T07H8] ... 
2148 - [T08A9] ... 
2149 - [T08A11] ... 
2150 - [T08B1] ... 
2151 - [T08B2] ... 
2152 - [T08B6] ... 
2153 - [T08D2] ... 
2154 - [T08D10] ... 
2155 - [T08E11] ... 
2156 - [T08G2] ... 
2157 - [T08G3] ... 
2158 - [T08G5] ... 
2159 - [T08G11] ... 
2160 - [T08H4] ... 
2161 - [T08H10] ... 
2162 - [T09A5] ... 
2163 - [T09A12] ... 
2164 - [T09B4] ... 
2165 - [T09B9] ... 
2166 - [T09D3] ... 
2167 - [T09E8] ... 
2168 - [T09E11] ... 
2169 - [T09F3] ... 
2170 - [T09F5] ... 
2171 - [T09H2] ... 
2172 - [T10A3] ... 
2173 - [T10B1] ... 
2174 - [T10B5] ... 
2175 - [T10B9] ... 
2176 - [T10B10] ... 
2177 - [T10B11] ... 
2178 - [T10C6] ... 
2179 - [T10D4] ... 
2180 - [T10E9] ... 
2181 - [T10E10] ... 
2182 - [T10F2] ... 
2183 - [T10G3] ... 
2184 - [T10H4] ... 
2185 - [T10H9] ... 
2186 - [T10H10] ... 
2187 - [T11A5] ... 
2188 - [T11B7] ... 
2189 - [T11F1] ... 
2190 - [T11F8] ... 
2191 - [T11F9] ... 
2192 - [T11G6] ... 
2193 - [T12A2] ... 
2194 - [T12A7] ... 
2195 - [T12B3] ... 
2196 - [T12B5] ... 
2197 - [T12C9] ... 
2198 - [T12D8] ... 
2199 - [T12E12] ... 
2200 - [T12F5] ... 
2201 - [T12G3] ... 
2202 - [T13A10] ... 
2203 - [T13B5] ... 
2204 - [T13C2] ... 
2205 - [T13C5] ... 
2206 - [T13E5] ... 
2207 - [T13E8] ... 
2208 - [T13F2] ... 
2209 - [T13F3] ... 
2210 - [T13G4] ... 
2211 - [T13H2] ... 
2212 - [T13H5] ... 
2213 - [T13H10] ... 
2214 - [T14A8] ... 
2215 - [T14B1] ... 
2216 - [T14B4] ... 
2217 - [T14C1] ... 
2218 - [T14D7] ... 
2219 - [T14E8] ... 
2220 - [T14F9] ... 
2221 - [T14G8] ... 
2222 - [T14G10] ... 
2223 - [T14G11] ... 
2224 - [T14G12] ... 
2225 - [T15B7] ... 
2226 - [T15B12] ... 
2227 - [T15D6] ... 
2228 - [T15G9] ... 
2229 - [T15H9] ... 
2230 - [T16A1] ... 
2231 - [T16A9] ... 
2232 - [T16D1] ... 
2233 - [T16G1] ... 
2234 - [T16G12] ... 
2235 - [T16H5] ... 
2236 - [T16H12] ... 
2237 - [T17A3] ... 
2238 - [T17B5] ... 
2239 - [T17E9] ... 
2240 - [T17H7] ... 
2241 - [T18D3] ... 
2242 - [T18H9] ... 
2243 - [T19A5] ... 
2244 - [T19A6] ... 
2245 - [T19B4] ... 
2246 - [T19B10] ... 
2247 - [T19C3] ... 
2248 - [T19C4] ... 
2249 - [T19C9] ... 
2250 - [T19C11] ... 
2251 - [T19D2] ... 
2252 - [T19D7] ... 
2253 - [T19D12] ... 
2254 - [T19E7] ... 
2255 - [T19E10] ... 
2256 - [T19F4] ... 
2257 - [T19H5] ... 
2258 - [T19H12] ... 
2259 - [T20B3] ... 
2260 - [T20B5] ... 
2261 - [T20B6] ... 
2262 - [T20B12] ... 
2263 - [T20C4] ... 
2264 - [T20C7] ... 
2265 - [T20D3] ... 
2266 - [T20D4] ... 
2267 - [T20F5] ... 
2268 - [T20F7] ... 
2269 - [T20F10] ... 
2270 - [T20G5] ... 
2271 - [T20H4] ... 
2272 - [T20H9] ... 
2273 - [T20H12] ... 
2274 - [T21B4] ... 
2275 - [T21B6] ... 
2276 - [T21B10] ... 
2277 - [T21C9] ... 
2278 - [T21C12] ... 
2279 - [T21D9] ... 
2280 - [T21D11] ... 
2281 - [T21D12] ... 
2282 - [T21E3] ... 
2283 - [T21E8] ... 
2284 - [T21E12] ... 
2285 - [T21F2] ... 
2286 - [T21F4] ... 
2287 - [T21G5] ... 
2288 - [T21H3] ... 
2289 - [T21H8] ... 
2290 - [T22A3] ... 
2291 - [T22B2] ... 
2292 - [T22B3] ... 
2293 - [T22B7] ... 
2294 - [T22B11] ... 
2295 - [T22C1] ... 
2296 - [T22C8] ... 
2297 - [T22D1] ... 
2298 - [T22D2] ... 
2299 - [T22E5] ... 
2300 - [T22E6] ... 
2301 - [T22E7] ... 
2302 - [T22F3] ... 
2303 - [T22F7] ... 
2304 - [T22G5] ... 
2305 - [T22H2] ... 
2306 - [T22H6] ... 
2307 - [T22H9] ... 
2308 - [T23A7] ... 
2309 - [T23B3] ... 
2310 - [T23B5] ... 
2311 - [T23B7] ... 
2312 - [T23B12] ... 
2313 - [T23C6] ... 
2314 - [T23D5] ... 
2315 - [T23D8] ... 
2316 - [T23E1] ... 
2317 - [T23E7] ... 
2318 - [T23F1] ... 
2319 - [T23F2] ... 
2320 - [T23F4] ... 
2321 - [T23F6] ... 
2322 - [T23F11] ... 
2323 - [T23G4] ... 
2324 - [T23G5] ... 
2325 - [T23G7] ... 
2326 - [T23G11] ... 
2327 - [T23H2] ... 
2328 - [T23H4] ... 
2329 - [T24A6] ... 
2330 - [T24A11] ... 
2331 - [T24B1] ... 
2332 - [T24B8] ... 
2333 - [T24C2] ... 
2334 - [T24C4] ... 
2335 - [T24C12] ... 
2336 - [T24D1] ... 
2337 - [T24D3] ... 
2338 - [T24D5] ... 
2339 - [T24D8] ... 
2340 - [T24D11] ... 
2341 - [T24E12] ... 
2342 - [T24F1] ... 
2343 - [T24F3] ... 
2344 - [T24G10] ... 
2345 - [T24H5] ... 
2346 - [T24H7] ... 
2347 - [T24H10] ... 
2348 - [T25B2] ... 
2349 - [T25B6] ... 
2350 - [T25B9] ... 
2351 - [T25C8] ... 
2352 - [T25C12] ... 
2353 - [T25D1] ... 
2354 - [T25D3] ... 
2355 - [T25D10] ... 
2356 - [T25E4] ... 
2357 - [T25E12] ... 
2358 - [T25F10] ... 
2359 - [T25G3] ... 
2360 - [T25G12] ... 
2361 - [T26A5] ... 
2362 - [T26A8] ... 
2363 - [T26C5] ... 
2364 - [T26C11] ... 
2365 - [T26C12] ... 
2366 - [T26E3] ... 
2367 - [T26E4] ... 
2368 - [T26F2] ... 
2369 - [T26G10] ... 
2370 - [T26H2] ... 
2371 - [T26H5] ... 
2372 - [T26H8] ... 
2373 - [T26H10] ... 
2374 - [T27A1] ... 
2375 - [T27A3] ... 
2376 - [T27A8] ... 
2377 - [T27A10] ... 
2378 - [T27B1] ... 
2379 - [T27B2] ... 
2380 - [T27B7] ... 
2381 - [T27C4] ... 
2382 - [T27C5] ... 
2383 - [T27C10] ... 
2384 - [T27D1] ... 
2385 - [T27D12] ... 
2386 - [T27E4] ... 
2387 - [T27E7] ... 
2388 - [T27E9] ... 
2389 - [T27F2] ... 
2390 - [T27F6] ... 
2391 - [T27F7] ... 
2392 - [T28A8] ... 
2393 - [T28A11] ... 
2394 - [T28B4] ... 
2395 - [T28B8] ... 
2396 - [T28B11] ... 
2397 - [T28C6] ... 
2398 - [T28C12] ... 
2399 - [T28D6] ... 
2400 - [T28D9] ... 
2401 - [T28F2] ... 
2402 - [T28F3] ... 
2403 - [T28F4] ... 
2404 - [T28F12] ... 
2405 - [T28H10] ... 
2406 - [T28H11] ... 
2407 - [VB0365] ... 
2408 - [VB0391R] ... 
2409 - [VB0393L] ... 
2410 - [VB0395L] ... 
2411 - [VC01H6R] ... 
2412 - [VC5] ... 
2413 - [VC27A7L] ... 
2414 - [VC50H2R] ... 
2415 - [VD1046R] ... 
2416 - [VF11C1L] ... 
2417 - [VF13D12L] ... 
2418 - [VF13E6L] ... 
2419 - [VF15C11L] ... 
2420 - [VF23B12L] ... 
2421 - [VF36H2L] ... 
2422 - [VF37H8L] ... 
2423 - [VF38E11R] ... 
2424 - [VF39H2L] ... 
2425 - [VF45E10L] ... 
2426 - [VF46C5] ... 
2427 - [VF54F7L] ... 
2428 - [VH15N14R] ... 
2429 - [VK04G11] ... 
2430 - [VK08D8] ... 
2431 - [VK10D6R] ... 
2432 - [VM02G9R] ... 
2433 - [VM106R] ... 
2434 - [VT21B10L] ... 
2435 - [VT22E6R] ... 
2436 - [VT23B5] ... 
2437 - [VW01C9] ... 
2438 - [VW02B12L] ... 
2439 - [VW06B3R] ... 
2440 - [VY10G11R] ... 
2441 - [VY35H6BL] ... 
2442 - [VZC374L] ... 
2443 - [VZK822L] ... 
2444 - [W01A8] ... 
2445 - [W01A11] ... 
2446 - [W01B6] ... 
2447 - [W01B11] ... 
2448 - [W01C8] ... 
2449 - [W01C9] ... 
2450 - [W01D2] ... 
2451 - [W01F3] ... 
2452 - [W01G7] ... 
2453 - [W01H2] ... 
2454 - [W01H5] ... 
2455 - [W02A2] ... 
2456 - [W02A11] ... 
2457 - [W02B3] ... 
2458 - [W02B8] ... 
2459 - [W02B9] ... 
2460 - [W02B12] ... 
2461 - [W02C12] ... 
2462 - [W02D3] ... 
2463 - [W02D7] ... 
2464 - [W02D9] ... 
2465 - [W02F12] ... 
2466 - [W02G9] ... 
2467 - [W02H3] ... 
2468 - [W02H5] ... 
2469 - [W03A3] ... 
2470 - [W03A5] ... 
2471 - [W03B1] ... 
2472 - [W03C9] ... 
2473 - [W03D2] ... 
2474 - [W03D8] ... 
2475 - [W03F8] ... 
2476 - [W03F9] ... 
2477 - [W03F11] ... 
2478 - [W03G1] ... 
2479 - [W03G9] ... 
2480 - [W03G11] ... 
2481 - [W03H1] ... 
2482 - [W03H9] ... 
2483 - [W04A4] ... 
2484 - [W04A8] ... 
2485 - [W04B5] ... 
2486 - [W04C9] ... 
2487 - [W04D2] ... 
2488 - [W04D12] ... 
2489 - [W04E12] ... 
2490 - [W04G3] ... 
2491 - [W04G5] ... 
2492 - [W04H10] ... 
2493 - [W05B2] ... 
2494 - [W05B5] ... 
2495 - [W05B10] ... 
2496 - [W05D2] ... 
2497 - [W05E7] ... 
2498 - [W05E10] ... 
2499 - [W05F2] ... 
2500 - [W05G11] ... 
2501 - [W05H5] ... 
2502 - [W05H7] ... 
2503 - [W05H9] ... 
2504 - [W05H12] ... 
2505 - [W06A7] ... 
2506 - [W06A11] ... 
2507 - [W06B3] ... 
2508 - [W06B4] ... 
2509 - [W06B11] ... 
2510 - [W06D4] ... 
2511 - [W06D11] ... 
2512 - [W06D12] ... 
2513 - [W06E11] ... 
2514 - [W06F12] ... 
2515 - [W06G6] ... 
2516 - [W06H3] ... 
2517 - [W06H8] ... 
2518 - [W06H12] ... 
2519 - [W07A8] ... 
2520 - [W07A12] ... 
2521 - [W07B3] ... 
2522 - [W07B8] ... 
2523 - [W07E6] ... 
2524 - [W07E11] ... 
2525 - [W07G1] ... 
2526 - [W07G4] ... 
2527 - [W07G9] ... 
2528 - [W08A12] ... 
2529 - [W08D2] ... 
2530 - [W08E3] ... 
2531 - [W08E12] ... 
2532 - [W08F4] ... 
2533 - [W08G11] ... 
2534 - [W09B6] ... 
2535 - [W09B7] ... 
2536 - [W09B12] ... 
2537 - [W09C2] ... 
2538 - [W09C3] ... 
2539 - [W09C5] ... 
2540 - [W09D6] ... 
2541 - [W09D10] ... 
2542 - [W09D12] ... 
2543 - [W09E7] ... 
2544 - [W09G3] ... 
2545 - [W09G10] ... 
2546 - [W09G12] ... 
2547 - [W09H1] ... 
2548 - [W10C4] ... 
2549 - [W10C6] ... 
2550 - [W10C8] ... 
2551 - [W10D5] ... 
2552 - [W10D9] ... 
2553 - [W10G6] ... 
2554 - [W10G11] ... 
2555 - [Y1A5A] ... 
2556 - [Y1B5A] ... 
2557 - [Y1E3A] ... 
2558 - [Y1H11] ... 
2559 - [Y2C2A] ... 
2560 - [Y2H9A] ... 
2561 - [Y4C6A] ... 
2562 - [Y4C6B] ... 
2563 - [Y5F2A] ... 
2564 - [Y5H2A] ... 
2565 - [Y5H2B] ... 
2566 - [Y6B3A] ... 
2567 - [Y6B3B] ... 
2568 - [Y6D1A] ... 
2569 - [Y6D6A] ... 
2570 - [Y6D11A] ... 
2571 - [Y6E2A] ... 
2572 - [Y6G8] ... 
2573 - [Y7A5A] ... 
2574 - [Y7A9A] ... 
2575 - [Y7A9B] ... 
2576 - [Y7A9C] ... 
2577 - [Y7A9D] ... 
2578 - [Y7G10A] ... 
2579 - [Y8A9A] ... 
2580 - [Y8G1A] ... 
2581 - [Y9C2UA] ... 
2582 - [Y9C9A] ... 
2583 - [Y9C12A] ... 
2584 - [Y9D1A] ... 
2585 - [Y10G11A] ... 
2586 - [Y11D7A] ... 
2587 - [Y12A6A] ... 
2588 - [Y13C8A] ... 
2589 - [Y14H12A] ... 
2590 - [Y14H12B] ... 
2591 - [Y15D9A] ... 
2592 - [Y15E3A] ... 
2593 - [Y16B4A] ... 
2594 - [Y16E11A] ... 
2595 - [Y17D7A] ... 
2596 - [Y17D7B] ... 
2597 - [Y17D7C] ... 
2598 - [Y17G7A] ... 
2599 - [Y17G7B] ... 
2600 - [Y17G9A] ... 
2601 - [Y17G9B] ... 
2602 - [Y18D10A] ... 
2603 - [Y18H1A] ... 
2604 - [Y19D2B] ... 
2605 - [Y19D10A] ... 
2606 - [Y19D10B] ... 
2607 - [Y20C6A] ... 
2608 - [Y20F4] ... 
2609 - [Y21F11A] ... 
2610 - [Y22D7AL] ... 
2611 - [Y22D7AR] ... 
2612 - [Y22F5A] ... 
2613 - [Y22F5B] ... 
2614 - [Y23B4A] ... 
2615 - [Y23H5A] ... 
2616 - [Y23H5B] ... 
2617 - [Y24D9A] ... 
2618 - [Y24D9B] ... 
2619 - [Y24E3A] ... 
2620 - [Y24F12A] ... 
2621 - [Y25C1A] ... 
2622 - [Y26D4A] ... 
2623 - [Y26E6A] ... 
2624 - [Y26G10] ... 
2625 - [Y27F2A] ... 
2626 - [Y32B12A] ... 
2627 - [Y32B12B] ... 
2628 - [Y32B12C] ... 
2629 - [Y32F6A] ... 
2630 - [Y32F6B] ... 
2631 - [Y32G9A] ... 
2632 - [Y32G9B] ... 
2633 - [Y32H12A] ... 
2634 - [Y34B4A] ... 
2635 - [Y34D9A] ... 
2636 - [Y34D9B] ... 
2637 - [Y34F4] ... 
2638 - [Y35H6] ... 
2639 - [Y36E3A] ... 
2640 - [Y37A1A] ... 
2641 - [Y37A1B] ... 
2642 - [Y37A1C] ... 
2643 - [Y37B11A] ... 
2644 - [Y37D8A] ... 
2645 - [Y37E3] ... 
2646 - [Y37E11AL] ... 
2647 - [Y37E11AM] ... 
2648 - [Y37E11AR] ... 
2649 - [Y37E11B] ... 
2650 - [Y37E11C] ... 
2651 - [Y37F4] ... 
2652 - [Y37H2A] ... 
2653 - [Y37H2B] ... 
2654 - [Y37H2C] ... 
2655 - [Y37H9A] ... 
2656 - [Y38A8] ... 
2657 - [Y38A10A] ... 
2658 - [Y38B5A] ... 
2659 - [Y38C1AA] ... 
2660 - [Y38C1AB] ... 
2661 - [Y38C1BA] ... 
2662 - [Y38C9A] ... 
2663 - [Y38C9B] ... 
2664 - [Y38E10A] ... 
2665 - [Y38F1A] ... 
2666 - [Y38F2AL] ... 
2667 - [Y38F2AR] ... 
2668 - [Y38G4A] ... 
2669 - [Y38H6A] ... 
2670 - [Y38H6B] ... 
2671 - [Y38H6C] ... 
2672 - [Y38H8A] ... 
2673 - [Y39A1A] ... 
2674 - [Y39A1B] ... 
2675 - [Y39A1C] ... 
2676 - [Y39A3A] ... 
2677 - [Y39A3B] ... 
2678 - [Y39A3CL] ... 
2679 - [Y39A3CM] ... 
2680 - [Y39A3CR] ... 
2681 - [Y39B6A] ... 
2682 - [Y39C12A] ... 
2683 - [Y39C12B] ... 
2684 - [Y39D8A] ... 
2685 - [Y39D8B] ... 
2686 - [Y39D8C] ... 
2687 - [Y39E4A] ... 
2688 - [Y39E4B] ... 
2689 - [Y39F10A] ... 
2690 - [Y39F10B] ... 
2691 - [Y39F10C] ... 
2692 - [Y39G8B] ... 
2693 - [Y39G8C] ... 
2694 - [Y39G10AL] ... 
2695 - [Y39G10AR] ... 
2696 - [Y39H10A] ... 
2697 - [Y39H10B] ... 
2698 - [Y40A1A] ... 
2699 - [Y40B1A] ... 
2700 - [Y40B1B] ... 
2701 - [Y40B10A] ... 
2702 - [Y40B10B] ... 
2703 - [Y40C5A] ... 
2704 - [Y40C7A] ... 
2705 - [Y40C7B] ... 
2706 - [Y40D7A] ... 
2707 - [Y40D12A] ... 
2708 - [Y40G12A] ... 
2709 - [Y40H4A] ... 
2710 - [Y40H7A] ... 
2711 - [Y41C4A] ... 
2712 - [Y41D4A] ... 
2713 - [Y41D4B] ... 
2714 - [Y41E3] ... 
2715 - [Y41G9A] ... 
2716 - [Y42A5A] ... 
2717 - [Y42G9A] ... 
2718 - [Y42H9AL] ... 
2719 - [Y42H9AR] ... 
2720 - [Y42H9B] ... 
2721 - [Y43B11AL] ... 
2722 - [Y43B11AM] ... 
2723 - [Y43B11AR] ... 
2724 - [Y43C5A] ... 
2725 - [Y43C5B] ... 
2726 - [Y43D4A] ... 
2727 - [Y43E12A] ... 
2728 - [Y43F4A] ... 
2729 - [Y43F4B] ... 
2730 - [Y43F4C] ... 
2731 - [Y43F8A] ... 
2732 - [Y43F8B] ... 
2733 - [Y43F8C] ... 
2734 - [Y43F11A] ... 
2735 - [Y43H11AL] ... 
2736 - [Y43H11AR] ... 
2737 - [Y44A6B] ... 
2738 - [Y44A6C] ... 
2739 - [Y44A6D] ... 
2740 - [Y44A6E] ... 
2741 - [Y44C4A] ... 
2742 - [Y44E3A] ... 
2743 - [Y44E3B] ... 
2744 - [Y44F5A] ... 
2745 - [Y45F3A] ... 
2746 - [Y45F10A] ... 
2747 - [Y45F10B] ... 
2748 - [Y45F10C] ... 
2749 - [Y45F10D] ... 
2750 - [Y45G5AL] ... 
2751 - [Y45G5AM] ... 
2752 - [Y45G5AR] ... 
2753 - [Y45G12A] ... 
2754 - [Y45G12B] ... 
2755 - [Y45G12C] ... 
2756 - [Y46B2A] ... 
2757 - [Y46C8AL] ... 
2758 - [Y46C8AM] ... 
2759 - [Y46C8AR] ... 
2760 - [Y46D2A] ... 
2761 - [Y46E12A] ... 
2762 - [Y46E12BL] ... 
2763 - [Y46E12BM] ... 
2764 - [Y46E12BR] ... 
2765 - [Y46G5A] ... 
2766 - [Y46H3A] ... 
2767 - [Y46H3B] ... 
2768 - [Y46H3C] ... 
2769 - [Y46H3D] ... 
2770 - [Y47A7] ... 
2771 - [Y47C4A] ... 
2772 - [Y47D3A] ... 
2773 - [Y47D3B] ... 
2774 - [Y47D7A] ... 
2775 - [Y47D9A] ... 
2776 - [Y47G6A] ... 
2777 - [Y47G7A] ... 
2778 - [Y47G7B] ... 
2779 - [Y47G7C] ... 
2780 - [Y47H9A] ... 
2781 - [Y47H9B] ... 
2782 - [Y47H9C] ... 
2783 - [Y47H10A] ... 
2784 - [Y48A5A] ... 
2785 - [Y48A5B] ... 
2786 - [Y48A6A] ... 
2787 - [Y48A6B] ... 
2788 - [Y48A6C] ... 
2789 - [Y48B6A] ... 
2790 - [Y48C3A] ... 
2791 - [Y48D7A] ... 
2792 - [Y48E1A] ... 
2793 - [Y48E1B] ... 
2794 - [Y48E1C] ... 
2795 - [Y48G1A] ... 
2796 - [Y48G1BL] ... 
2797 - [Y48G1BM] ... 
2798 - [Y48G1BR] ... 
2799 - [Y48G1C] ... 
2800 - [Y48G8AL] ... 
2801 - [Y48G8AR] ... 
2802 - [Y48G9A] ... 
2803 - [Y48G10A] ... 
2804 - [Y49A3A] ... 
2805 - [Y49A10A] ... 
2806 - [Y49C4A] ... 
2807 - [Y49E10] ... 
2808 - [Y49F6A] ... 
2809 - [Y49F6B] ... 
2810 - [Y49F6C] ... 
2811 - [Y49G5A] ... 
2812 - [Y49G5B] ... 
2813 - [Y50C1A] ... 
2814 - [Y50D4A] ... 
2815 - [Y50D4B] ... 
2816 - [Y50D4C] ... 
2817 - [Y50D7A] ... 
2818 - [Y50E8A] ... 
2819 - [Y50F7A] ... 
2820 - [Y51A2A] ... 
2821 - [Y51A2B] ... 
2822 - [Y51A2C] ... 
2823 - [Y51A2D] ... 
2824 - [Y51B9A] ... 
2825 - [Y51B11A] ... 
2826 - [Y51F10] ... 
2827 - [Y51H1A] ... 
2828 - [Y51H4A] ... 
2829 - [Y51H7BL] ... 
2830 - [Y51H7BM] ... 
2831 - [Y51H7BR] ... 
2832 - [Y51H7C] ... 
2833 - [Y51H7D] ... 
2834 - [Y52B11A] ... 
2835 - [Y52B11B] ... 
2836 - [Y52B11C] ... 
2837 - [Y52D3] ... 
2838 - [Y52D5A] ... 
2839 - [Y52E8A] ... 
2840 - [Y53C10A] ... 
2841 - [Y53C12A] ... 
2842 - [Y53C12B] ... 
2843 - [Y53C12C] ... 
2844 - [Y53C12D] ... 
2845 - [Y53F4A] ... 
2846 - [Y53F4B] ... 
2847 - [Y53G8AL] ... 
2848 - [Y53G8AM] ... 
2849 - [Y53G8AR] ... 
2850 - [Y53G8B] ... 
2851 - [Y53H1A] ... 
2852 - [Y53H1B] ... 
2853 - [Y53H1C] ... 
2854 - [Y54B9A] ... 
2855 - [Y54C5A] ... 
2856 - [Y54C5B] ... 
2857 - [Y54E2A] ... 
2858 - [Y54E5A] ... 
2859 - [Y54E5B] ... 
2860 - [Y54E10A] ... 
2861 - [Y54E10BL] ... 
2862 - [Y54E10BR] ... 
2863 - [Y54F10AL] ... 
2864 - [Y54F10AM] ... 
2865 - [Y54F10AR] ... 
2866 - [Y54F10BL] ... 
2867 - [Y54F10BM] ... 
2868 - [Y54F10BR] ... 
2869 - [Y54G2A] ... 
2870 - [Y54G9A] ... 
2871 - [Y54G11A] ... 
2872 - [Y54G11B] ... 
2873 - [Y54H5A] ... 
2874 - [Y55B1AL] ... 
2875 - [Y55B1AM] ... 
2876 - [Y55B1AR] ... 
2877 - [Y55B1BL] ... 
2878 - [Y55B1BM] ... 
2879 - [Y55B1BR] ... 
2880 - [Y55D5A] ... 
2881 - [Y55D9A] ... 
2882 - [Y55F3AL] ... 
2883 - [Y55F3AM] ... 
2884 - [Y55F3AR] ... 
2885 - [Y55F3BL] ... 
2886 - [Y55F3BM] ... 
2887 - [Y55F3BR] ... 
2888 - [Y55F3C] ... 
2889 - [Y55H10A] ... 
2890 - [Y55H10B] ... 
2891 - [Y56A3A] ... 
2892 - [Y57A10A] ... 
2893 - [Y57A10B] ... 
2894 - [Y57A10C] ... 
2895 - [Y57E12AL] ... 
2896 - [Y57E12AM] ... 
2897 - [Y57E12AR] ... 
2898 - [Y57E12B] ... 
2899 - [Y57G7A] ... 
2900 - [Y57G11A] ... 
2901 - [Y57G11B] ... 
2902 - [Y57G11C] ... 
2903 - [Y58A7A] ... 
2904 - [Y58G8A] ... 
2905 - [Y59A8A] ... 
2906 - [Y59A8B] ... 
2907 - [Y59C2A] ... 
2908 - [Y59E1A] ... 
2909 - [Y59E1B] ... 
2910 - [Y59E9AL] ... 
2911 - [Y59E9AR] ... 
2912 - [Y59H11AL] ... 
2913 - [Y59H11AM] ... 
2914 - [Y59H11AR] ... 
2915 - [Y60A3A] ... 
2916 - [Y60A9A] ... 
2917 - [Y60C6A] ... 
2918 - [Y61A9LA] ... 
2919 - [Y61B8A] ... 
2920 - [Y61B8B] ... 
2921 - [Y62E10A] ... 
2922 - [Y62F5A] ... 
2923 - [Y62H9A] ... 
2924 - [Y63D3A] ... 
2925 - [Y64C7A] ... 
2926 - [Y64F11A] ... 
2927 - [Y64G10A] ... 
2928 - [Y64H9A] ... 
2929 - [Y65A5A] ... 
2930 - [Y65B4A] ... 
2931 - [Y65B4BL] ... 
2932 - [Y65B4BM] ... 
2933 - [Y65B4BR] ... 
2934 - [Y65D7A] ... 
2935 - [Y66A7AL] ... 
2936 - [Y66A7AR] ... 
2937 - [Y66C5A] ... 
2938 - [Y66D12A] ... 
2939 - [Y66H1A] ... 
2940 - [Y66H1B] ... 
2941 - [Y67A6A] ... 
2942 - [Y67A10A] ... 
2943 - [Y67A10B] ... 
2944 - [Y67D2] ... 
2945 - [Y67D8A] ... 
2946 - [Y67D8B] ... 
2947 - [Y67D8C] ... 
2948 - [Y67D11A] ... 
2949 - [Y67H2A] ... 
2950 - [Y68A4A] ... 
2951 - [Y68A4B] ... 
2952 - [Y68G5A] ... 
2953 - [Y69A2AL] ... 
2954 - [Y69A2AR] ... 
2955 - [Y69E1A] ... 
2956 - [Y69F12A] ... 
2957 - [Y69H2] ... 
2958 - [Y70C5A] ... 
2959 - [Y70C5B] ... 
2960 - [Y70C5C] ... 
2961 - [Y70C5D] ... 
2962 - [Y70D2A] ... 
2963 - [Y70G10A] ... 
2964 - [Y71A12A] ... 
2965 - [Y71A12B] ... 
2966 - [Y71A12C] ... 
2967 - [Y71D11A] ... 
2968 - [Y71F9AL] ... 
2969 - [Y71F9AM] ... 
2970 - [Y71F9AR] ... 
2971 - [Y71F9B] ... 
2972 - [Y71G10AL] ... 
2973 - [Y71G10AR] ... 
2974 - [Y71G12A] ... 
2975 - [Y71G12B] ... 
2976 - [Y71H2AL] ... 
2977 - [Y71H2AM] ... 
2978 - [Y71H2AR] ... 
2979 - [Y71H2B] ... 
2980 - [Y71H9A] ... 
2981 - [Y71H10A] ... 
2982 - [Y71H10B] ... 
2983 - [Y72A10A] ... 
2984 - [Y73A3A] ... 
2985 - [Y73B3A] ... 
2986 - [Y73B3B] ... 
2987 - [Y73B6A] ... 
2988 - [Y73B6BL] ... 
2989 - [Y73B6BR] ... 
2990 - [Y73C8A] ... 
2991 - [Y73C8B] ... 
2992 - [Y73C8C] ... 
2993 - [Y73E7A] ... 
2994 - [Y73F4A] ... 
2995 - [Y73F8A] ... 
2996 - [Y74C9A] ... 
2997 - [Y74C10AL] ... 
2998 - [Y74C10AM] ... 
2999 - [Y74C10AR] ... 
3000 - [Y74E4A] ... 
3001 - [Y75B7AL] ... 
3002 - [Y75B7AR] ... 
3003 - [Y75B7B] ... 
3004 - [Y75B8A] ... 
3005 - [Y75B12A] ... 
3006 - [Y75B12B] ... 
3007 - [Y75D11A] ... 
3008 - [Y75D11B] ... 
3009 - [Y76A2A] ... 
3010 - [Y76A2B] ... 
3011 - [Y76A2C] ... 
3012 - [Y76B12A] ... 
3013 - [Y76B12C] ... 
3014 - [Y76F7A] ... 
3015 - [Y76G2A] ... 
3016 - [Y76G2B] ... 
3017 - [Y77E11A] ... 
3018 - [Y79H2A] ... 
3019 - [Y80D3A] ... 
3020 - [Y80D4G] ... 
3021 - [Y80E2A] ... 
3022 - [Y81B9A] ... 
3023 - [Y81G3A] ... 
3024 - [Y82E9BL] ... 
3025 - [Y82E9BR] ... 
3026 - [Y87G2A] ... 
3027 - [Y91F4A] ... 
3028 - [Y92C3A] ... 
3029 - [Y92C3B] ... 
3030 - [Y92H12A] ... 
3031 - [Y92H12BL] ... 
3032 - [Y92H12BM] ... 
3033 - [Y92H12BR] ... 
3034 - [Y94A7A] ... 
3035 - [Y94A7B] ... 
3036 - [Y94H6A] ... 
3037 - [Y95B8A] ... 
3038 - [Y95D11A] ... 
3039 - [Y97E10AL] ... 
3040 - [Y97E10AM] ... 
3041 - [Y97E10AR] ... 
3042 - [Y97E10B] ... 
3043 - [Y97E10C] ... 
3044 - [Y102A5A] ... 
3045 - [Y102A5B] ... 
3046 - [Y102A5C] ... 
3047 - [Y102A5D] ... 
3048 - [Y102A11A] ... 
3049 - [Y102E9] ... 
3050 - [Y102F5A] ... 
3051 - [Y104H12A] ... 
3052 - [Y104H12BL] ... 
3053 - [Y104H12BR] ... 
3054 - [Y104H12C] ... 
3055 - [Y104H12D] ... 
3056 - [Y105C5A] ... 
3057 - [Y105C5B] ... 
3058 - [Y105E8A] ... 
3059 - [Y105E8B] ... 
3060 - [Y106G6A] ... 
3061 - [Y106G6B] ... 
3062 - [Y106G6C] ... 
3063 - [Y106G6D] ... 
3064 - [Y106G6E] ... 
3065 - [Y106G6F] ... 
3066 - [Y106G6G] ... 
3067 - [Y106G6H] ... 
3068 - [Y108F1] ... 
3069 - [Y108G3AL] ... 
3070 - [Y108G3AR] ... 
3071 - [Y110A2AL] ... 
3072 - [Y110A2AM] ... 
3073 - [Y110A2AR] ... 
3074 - [Y110A2B] ... 
3075 - [Y110A7A] ... 
3076 - [Y111B2A] ... 
3077 - [Y113G7A] ... 
3078 - [Y113G7B] ... 
3079 - [Y113G7C] ... 
3080 - [Y116A8A] ... 
3081 - [Y116A8B] ... 
3082 - [Y116A8C] ... 
3083 - [Y116F11A] ... 
3084 - [Y116F11B] ... 
3085 - [Y119C1A] ... 
3086 - [Y119C1B] ... 
3087 - [Y119C1C] ... 
3088 - [Y119D3A] ... 
3089 - [Y119D3B] ... 
3090 - [ZC8] ... 
3091 - [ZC13] ... 
3092 - [ZC15] ... 
3093 - [ZC21] ... 
3094 - [ZC47] ... 
3095 - [ZC53] ... 
3096 - [ZC64] ... 
3097 - [ZC84] ... 
3098 - [ZC97] ... 
3099 - [ZC101] ... 
3100 - [ZC116] ... 
3101 - [ZC123] ... 
3102 - [ZC132] ... 
3103 - [ZC142] ... 
3104 - [ZC155] ... 
3105 - [ZC168] ... 
3106 - [ZC178] ... 
3107 - [ZC190] ... 
3108 - [ZC196] ... 
3109 - [ZC204] ... 
3110 - [ZC239] ... 
3111 - [ZC247] ... 
3112 - [ZC250] ... 
3113 - [ZC262] ... 
3114 - [ZC266] ... 
3115 - [ZC302] ... 
3116 - [ZC308] ... 
3117 - [ZC317] ... 
3118 - [ZC328] ... 
3119 - [ZC334] ... 
3120 - [ZC373] ... 
3121 - [ZC374] ... 
3122 - [ZC376] ... 
3123 - [ZC395] ... 
3124 - [ZC404] ... 
3125 - [ZC410] ... 
3126 - [ZC411] ... 
3127 - [ZC412] ... 
3128 - [ZC416] ... 
3129 - [ZC434] ... 
3130 - [ZC443] ... 
3131 - [ZC449] ... 
3132 - [ZC455] ... 
3133 - [ZC477] ... 
3134 - [ZC482] ... 
3135 - [ZC487] ... 
3136 - [ZC504] ... 
3137 - [ZC506] ... 
3138 - [ZC513] ... 
3139 - [ZC518] ... 
3140 - [ZC581] ... 
3141 - [ZK6] ... 
3142 - [ZK20] ... 
3143 - [ZK39] ... 
3144 - [ZK40] ... 
3145 - [ZK54] ... 
3146 - [ZK75] ... 
3147 - [ZK84] ... 
3148 - [ZK105] ... 
3149 - [ZK112] ... 
3150 - [ZK121] ... 
3151 - [ZK131] ... 
3152 - [ZK154] ... 
3153 - [ZK177] ... 
3154 - [ZK180] ... 
3155 - [ZK185] ... 
3156 - [ZK218] ... 
3157 - [ZK228] ... 
3158 - [ZK250] ... 
3159 - [ZK256] ... 
3160 - [ZK262] ... 
3161 - [ZK265] ... 
3162 - [ZK270] ... 
3163 - [ZK285] ... 
3164 - [ZK287] ... 
3165 - [ZK328] ... 
3166 - [ZK337] ... 
3167 - [ZK353] ... 
3168 - [ZK354] ... 
3169 - [ZK355] ... 
3170 - [ZK370] ... 
3171 - [ZK377] ... 
3172 - [ZK380] ... 
3173 - [ZK381] ... 
3174 - [ZK384] ... 
3175 - [ZK389] ... 
3176 - [ZK402] ... 
3177 - [ZK418] ... 
3178 - [ZK430] ... 
3179 - [ZK455] ... 
3180 - [ZK470] ... 
3181 - [ZK484] ... 
3182 - [ZK488] ... 
3183 - [ZK507] ... 
3184 - [ZK512] ... 
3185 - [ZK520] ... 
3186 - [ZK524] ... 
3187 - [ZK525] ... 
3188 - [ZK546] ... 
3189 - [ZK550] ... 
3190 - [ZK563] ... 
3191 - [ZK593] ... 
3192 - [ZK596] ... 
3193 - [ZK616] ... 
3194 - [ZK617] ... 
3195 - [ZK622] ... 
3196 - [ZK632] ... 
3197 - [ZK637] ... 
3198 - [ZK638] ... 
3199 - [ZK643] ... 
3200 - [ZK652] ... 
3201 - [ZK662] ... 
3202 - [ZK666] ... 
3203 - [ZK669] ... 
3204 - [ZK673] ... 
3205 - [ZK675] ... 
3206 - [ZK678] ... 
3207 - [ZK682] ... 
3208 - [ZK686] ... 
3209 - [ZK688] ... 
3210 - [ZK697] ... 
3211 - [ZK721] ... 
3212 - [ZK742] ... 
3213 - [ZK757] ... 
3214 - [ZK770] ... 
3215 - [ZK783] ... 
3216 - [ZK792] ... 
3217 - [ZK795] ... 
3218 - [ZK809] ... 
3219 - [ZK813] ... 
3220 - [ZK816] ... 
3221 - [ZK822] ... 
3222 - [ZK829] ... 
3223 - [ZK836] ... 
3224 - [ZK849] ... 
3225 - [ZK856] ... 
3226 - [ZK858] ... 
3227 - [ZK863] ... 
3228 - [ZK867] ... 
3229 - [ZK892] ... 
3230 - [ZK896] ... 
3231 - [ZK897] ... 
3232 - [ZK899] ... 
3233 - [ZK909] ... 
3234 - [ZK930] ... 
3235 - [ZK938] ... 
3236 - [ZK945] ... 
3237 - [ZK970] ... 
3238 - [ZK971] ... 
3239 - [ZK973] ... 
3240 - [ZK993] ... 
3241 - [ZK994] ... 
3242 - [ZK1005] ... 
3243 - [ZK1010] ... 
3244 - [ZK1014] ... 
3245 - [ZK1025] ... 
3246 - [ZK1037] ... 
3247 - [ZK1053] ... 
3248 - [ZK1055] ... 
3249 - [ZK1058] ... 
3250 - [ZK1067] ... 
3251 - [ZK1073] ... 
3252 - [ZK1086] ... 
3253 - [ZK1087] ... 
3254 - [ZK1098] ... 
3255 - [ZK1127] ... 
3256 - [ZK1128] ... 
3257 - [ZK1131] ... 
3258 - [ZK1151] ... 
3259 - [ZK1193] ... 
3260 - [ZK1225] ... 
3261 - [ZK1236] ... 
3262 - [ZK1240] ... 
3263 - [ZK1248] ... 
3264 - [ZK1251] ... 
3265 - [ZK1290] ... 
3266 - [ZK1307] ... 
3267 - [ZK1320] ... 
3268 - [ZK1321] ... 
